{"/home/ubuntu/alouette/index.js":{"path":"/home/ubuntu/alouette/index.js","s":{"1":1,"2":1,"3":1,"4":0,"5":0},"b":{"1":[1,0],"2":[1,1],"3":[0,1],"4":[0,0]},"f":{},"fnMap":{},"statementMap":{"1":{"start":{"line":1,"column":0},"end":{"line":1,"column":55}},"2":{"start":{"line":2,"column":0},"end":{"line":3,"column":86}},"3":{"start":{"line":3,"column":4},"end":{"line":3,"column":86}},"4":{"start":{"line":4,"column":0},"end":{"line":4,"column":87}},"5":{"start":{"line":6,"column":0},"end":{"line":6,"column":35}}},"branchMap":{"1":{"line":2,"type":"if","locations":[{"start":{"line":2,"column":0},"end":{"line":2,"column":0}},{"start":{"line":2,"column":0},"end":{"line":2,"column":0}}]},"2":{"line":2,"type":"binary-expr","locations":[{"start":{"line":2,"column":4},"end":{"line":2,"column":30}},{"start":{"line":2,"column":34},"end":{"line":2,"column":67}}]},"3":{"line":3,"type":"cond-expr","locations":[{"start":{"line":3,"column":66},"end":{"line":3,"column":68}},{"start":{"line":3,"column":71},"end":{"line":3,"column":77}}]},"4":{"line":4,"type":"cond-expr","locations":[{"start":{"line":4,"column":67},"end":{"line":4,"column":69}},{"start":{"line":4,"column":72},"end":{"line":4,"column":78}}]}}},"/home/ubuntu/alouette/lib-node6-dev/index.js":{"path":"/home/ubuntu/alouette/lib-node6-dev/index.js","s":{"1":1,"2":1,"3":1,"4":1,"5":1,"6":1,"7":1,"8":1,"9":1,"10":1,"11":1,"12":1,"13":3,"14":1,"15":1,"16":1,"17":1,"18":1,"19":0,"20":1,"21":0,"22":0,"23":0,"24":0,"25":1,"26":1,"27":1,"28":1,"29":1,"30":1,"31":12,"32":12,"33":12,"34":10,"35":7,"36":3,"37":3,"38":3,"39":3,"40":3,"41":3,"42":3,"43":3,"44":3,"45":3,"46":3,"47":0,"48":3,"49":1,"50":1,"51":1,"52":0,"53":1,"54":0,"55":12,"56":2,"57":2,"58":2,"59":2,"60":2,"61":1,"62":1,"63":1,"64":1,"65":1,"66":1,"67":1,"68":0,"69":0,"70":0,"71":0,"72":0,"73":0,"74":2,"75":2,"76":2,"77":2,"78":2,"79":2,"80":2,"81":2,"82":0,"83":12,"84":8,"85":12,"86":1},"b":{"1":[3,0],"2":[3,3],"3":[0,0],"4":[10,2],"5":[12,12],"6":[7,3],"7":[0,3],"8":[3,1,1],"9":[0,1],"10":[2,10],"11":[12,10],"12":[2,0],"13":[1,1],"14":[1,0],"15":[1,1],"16":[0,1],"17":[0,2],"18":[8,4],"19":[12,10,8]},"f":{"1":3,"2":0,"3":0,"4":1,"5":0},"fnMap":{"1":{"name":"_interopRequireDefault","line":24,"loc":{"start":{"line":24,"column":0},"end":{"line":24,"column":37}}},"2":{"name":"setPathMapping","line":40,"loc":{"start":{"line":40,"column":0},"end":{"line":40,"column":49}}},"3":{"name":"parse","line":50,"loc":{"start":{"line":50,"column":0},"end":{"line":50,"column":20}}},"4":{"name":"parseErrorStack","line":66,"loc":{"start":{"line":66,"column":0},"end":{"line":66,"column":30}}},"5":{"name":"get","line":134,"loc":{"start":{"line":134,"column":37},"end":{"line":134,"column":52}}}},"statementMap":{"1":{"start":{"line":3,"column":0},"end":{"line":5,"column":3}},"2":{"start":{"line":6,"column":0},"end":{"line":6,"column":40}},"3":{"start":{"line":7,"column":0},"end":{"line":7,"column":22}},"4":{"start":{"line":8,"column":0},"end":{"line":8,"column":42}},"5":{"start":{"line":10,"column":0},"end":{"line":10,"column":24}},"6":{"start":{"line":12,"column":0},"end":{"line":12,"column":44}},"7":{"start":{"line":14,"column":0},"end":{"line":14,"column":57}},"8":{"start":{"line":16,"column":0},"end":{"line":16,"column":42}},"9":{"start":{"line":18,"column":0},"end":{"line":18,"column":55}},"10":{"start":{"line":20,"column":0},"end":{"line":20,"column":50}},"11":{"start":{"line":22,"column":0},"end":{"line":22,"column":63}},"12":{"start":{"line":24,"column":0},"end":{"line":24,"column":95}},"13":{"start":{"line":24,"column":39},"end":{"line":24,"column":93}},"14":{"start":{"line":27,"column":0},"end":{"line":27,"column":29}},"15":{"start":{"line":29,"column":0},"end":{"line":29,"column":42}},"16":{"start":{"line":30,"column":0},"end":{"line":30,"column":40}},"17":{"start":{"line":32,"column":0},"end":{"line":32,"column":18}},"18":{"start":{"line":40,"column":0},"end":{"line":42,"column":1}},"19":{"start":{"line":41,"column":4},"end":{"line":41,"column":80}},"20":{"start":{"line":50,"column":0},"end":{"line":58,"column":1}},"21":{"start":{"line":51,"column":4},"end":{"line":51,"column":75}},"22":{"start":{"line":53,"column":4},"end":{"line":55,"column":5}},"23":{"start":{"line":54,"column":8},"end":{"line":54,"column":51}},"24":{"start":{"line":57,"column":4},"end":{"line":57,"column":23}},"25":{"start":{"line":66,"column":0},"end":{"line":174,"column":1}},"26":{"start":{"line":67,"column":4},"end":{"line":67,"column":48}},"27":{"start":{"line":68,"column":4},"end":{"line":68,"column":38}},"28":{"start":{"line":70,"column":4},"end":{"line":70,"column":31}},"29":{"start":{"line":71,"column":4},"end":{"line":71,"column":34}},"30":{"start":{"line":73,"column":4},"end":{"line":171,"column":7}},"31":{"start":{"line":74,"column":8},"end":{"line":74,"column":39}},"32":{"start":{"line":75,"column":8},"end":{"line":75,"column":17}},"33":{"start":{"line":77,"column":8},"end":{"line":110,"column":9}},"34":{"start":{"line":78,"column":12},"end":{"line":109,"column":17}},"35":{"start":{"line":79,"column":16},"end":{"line":79,"column":46}},"36":{"start":{"line":81,"column":20},"end":{"line":81,"column":30}},"37":{"start":{"line":82,"column":20},"end":{"line":82,"column":59}},"38":{"start":{"line":83,"column":20},"end":{"line":108,"column":21}},"39":{"start":{"line":84,"column":24},"end":{"line":84,"column":87}},"40":{"start":{"line":85,"column":24},"end":{"line":85,"column":49}},"41":{"start":{"line":86,"column":24},"end":{"line":86,"column":52}},"42":{"start":{"line":87,"column":24},"end":{"line":87,"column":53}},"43":{"start":{"line":89,"column":24},"end":{"line":105,"column":38}},"44":{"start":{"line":90,"column":28},"end":{"line":90,"column":66}},"45":{"start":{"line":91,"column":28},"end":{"line":91,"column":100}},"46":{"start":{"line":92,"column":28},"end":{"line":94,"column":29}},"47":{"start":{"line":93,"column":32},"end":{"line":93,"column":78}},"48":{"start":{"line":96,"column":28},"end":{"line":96,"column":91}},"49":{"start":{"line":97,"column":28},"end":{"line":97,"column":59}},"50":{"start":{"line":98,"column":28},"end":{"line":98,"column":81}},"51":{"start":{"line":100,"column":28},"end":{"line":104,"column":29}},"52":{"start":{"line":101,"column":32},"end":{"line":101,"column":93}},"53":{"start":{"line":103,"column":32},"end":{"line":103,"column":73}},"54":{"start":{"line":107,"column":24},"end":{"line":107,"column":61}},"55":{"start":{"line":112,"column":8},"end":{"line":160,"column":9}},"56":{"start":{"line":113,"column":12},"end":{"line":113,"column":112}},"57":{"start":{"line":114,"column":12},"end":{"line":114,"column":29}},"58":{"start":{"line":116,"column":12},"end":{"line":159,"column":13}},"59":{"start":{"line":117,"column":16},"end":{"line":117,"column":88}},"60":{"start":{"line":119,"column":16},"end":{"line":146,"column":17}},"61":{"start":{"line":120,"column":20},"end":{"line":120,"column":69}},"62":{"start":{"line":122,"column":20},"end":{"line":122,"column":93}},"63":{"start":{"line":123,"column":20},"end":{"line":123,"column":68}},"64":{"start":{"line":125,"column":20},"end":{"line":128,"column":21}},"65":{"start":{"line":126,"column":24},"end":{"line":126,"column":86}},"66":{"start":{"line":127,"column":24},"end":{"line":127,"column":107}},"67":{"start":{"line":131,"column":24},"end":{"line":144,"column":25}},"68":{"start":{"line":132,"column":28},"end":{"line":143,"column":31}},"69":{"start":{"line":135,"column":36},"end":{"line":135,"column":49}},"70":{"start":{"line":136,"column":36},"end":{"line":138,"column":52}},"71":{"start":{"line":137,"column":40},"end":{"line":137,"column":102}},"72":{"start":{"line":140,"column":36},"end":{"line":140,"column":105}},"73":{"start":{"line":141,"column":36},"end":{"line":141,"column":52}},"74":{"start":{"line":148,"column":16},"end":{"line":148,"column":54}},"75":{"start":{"line":149,"column":16},"end":{"line":149,"column":58}},"76":{"start":{"line":150,"column":16},"end":{"line":150,"column":62}},"77":{"start":{"line":152,"column":16},"end":{"line":152,"column":41}},"78":{"start":{"line":153,"column":16},"end":{"line":153,"column":54}},"79":{"start":{"line":154,"column":16},"end":{"line":154,"column":48}},"80":{"start":{"line":155,"column":16},"end":{"line":155,"column":52}},"81":{"start":{"line":156,"column":16},"end":{"line":158,"column":17}},"82":{"start":{"line":157,"column":20},"end":{"line":157,"column":52}},"83":{"start":{"line":162,"column":8},"end":{"line":168,"column":9}},"84":{"start":{"line":163,"column":12},"end":{"line":167,"column":14}},"85":{"start":{"line":170,"column":8},"end":{"line":170,"column":81}},"86":{"start":{"line":173,"column":4},"end":{"line":173,"column":22}}},"branchMap":{"1":{"line":24,"type":"cond-expr","locations":[{"start":{"line":24,"column":70},"end":{"line":24,"column":73}},{"start":{"line":24,"column":76},"end":{"line":24,"column":92}}]},"2":{"line":24,"type":"binary-expr","locations":[{"start":{"line":24,"column":46},"end":{"line":24,"column":49}},{"start":{"line":24,"column":53},"end":{"line":24,"column":67}}]},"3":{"line":53,"type":"if","locations":[{"start":{"line":53,"column":4},"end":{"line":53,"column":4}},{"start":{"line":53,"column":4},"end":{"line":53,"column":4}}]},"4":{"line":77,"type":"if","locations":[{"start":{"line":77,"column":8},"end":{"line":77,"column":8}},{"start":{"line":77,"column":8},"end":{"line":77,"column":8}}]},"5":{"line":77,"type":"binary-expr","locations":[{"start":{"line":77,"column":12},"end":{"line":77,"column":20}},{"start":{"line":77,"column":24},"end":{"line":77,"column":48}}]},"6":{"line":78,"type":"if","locations":[{"start":{"line":78,"column":12},"end":{"line":78,"column":12}},{"start":{"line":78,"column":12},"end":{"line":78,"column":12}}]},"7":{"line":92,"type":"if","locations":[{"start":{"line":92,"column":28},"end":{"line":92,"column":28}},{"start":{"line":92,"column":28},"end":{"line":92,"column":28}}]},"8":{"line":92,"type":"binary-expr","locations":[{"start":{"line":92,"column":32},"end":{"line":92,"column":37}},{"start":{"line":92,"column":41},"end":{"line":92,"column":49}},{"start":{"line":92,"column":53},"end":{"line":92,"column":72}}]},"9":{"line":100,"type":"if","locations":[{"start":{"line":100,"column":28},"end":{"line":100,"column":28}},{"start":{"line":100,"column":28},"end":{"line":100,"column":28}}]},"10":{"line":112,"type":"if","locations":[{"start":{"line":112,"column":8},"end":{"line":112,"column":8}},{"start":{"line":112,"column":8},"end":{"line":112,"column":8}}]},"11":{"line":112,"type":"binary-expr","locations":[{"start":{"line":112,"column":12},"end":{"line":112,"column":16}},{"start":{"line":112,"column":20},"end":{"line":112,"column":28}}]},"12":{"line":116,"type":"if","locations":[{"start":{"line":116,"column":12},"end":{"line":116,"column":12}},{"start":{"line":116,"column":12},"end":{"line":116,"column":12}}]},"13":{"line":119,"type":"if","locations":[{"start":{"line":119,"column":16},"end":{"line":119,"column":16}},{"start":{"line":119,"column":16},"end":{"line":119,"column":16}}]},"14":{"line":125,"type":"if","locations":[{"start":{"line":125,"column":20},"end":{"line":125,"column":20}},{"start":{"line":125,"column":20},"end":{"line":125,"column":20}}]},"15":{"line":127,"type":"binary-expr","locations":[{"start":{"line":127,"column":48},"end":{"line":127,"column":66}},{"start":{"line":127,"column":70},"end":{"line":127,"column":106}}]},"16":{"line":131,"type":"if","locations":[{"start":{"line":131,"column":24},"end":{"line":131,"column":24}},{"start":{"line":131,"column":24},"end":{"line":131,"column":24}}]},"17":{"line":156,"type":"if","locations":[{"start":{"line":156,"column":16},"end":{"line":156,"column":16}},{"start":{"line":156,"column":16},"end":{"line":156,"column":16}}]},"18":{"line":162,"type":"if","locations":[{"start":{"line":162,"column":8},"end":{"line":162,"column":8}},{"start":{"line":162,"column":8},"end":{"line":162,"column":8}}]},"19":{"line":162,"type":"binary-expr","locations":[{"start":{"line":162,"column":12},"end":{"line":162,"column":22}},{"start":{"line":162,"column":26},"end":{"line":162,"column":30}},{"start":{"line":162,"column":34},"end":{"line":162,"column":47}}]}}},"/home/ubuntu/alouette/lib-node6-dev/ParsedError.js":{"path":"/home/ubuntu/alouette/lib-node6-dev/ParsedError.js","s":{"1":1,"2":1,"3":1,"4":1,"5":1,"6":0,"7":0,"8":0,"9":0,"10":0,"11":0,"12":0,"13":0,"14":1,"15":0,"16":0,"17":0,"18":0,"19":1,"20":0,"21":0,"22":0,"23":0,"24":1,"25":0,"26":0,"27":0,"28":0,"29":0,"30":0,"31":0,"32":0,"33":0,"34":0,"35":0,"36":0,"37":0,"38":1,"39":1,"40":0,"41":0,"42":0,"43":0,"44":0,"45":0,"46":0,"47":0,"48":0,"49":0,"50":0,"51":0,"52":0,"53":0,"54":0,"55":0,"56":0,"57":0,"58":0,"59":0,"60":0,"61":0,"62":0,"63":0,"64":0,"65":0,"66":0,"67":0,"68":0,"69":0,"70":0,"71":0,"72":0,"73":0,"74":0,"75":0,"76":0},"b":{"1":[1,0],"2":[1,1],"3":[0,0],"4":[0,0],"5":[0,0],"6":[0,0],"7":[0,0],"8":[0,0],"9":[0,0],"10":[0,0],"11":[0,0],"12":[0,0],"13":[0,0],"14":[0,0,0],"15":[0,0],"16":[0,0],"17":[0,0],"18":[0,0],"19":[0,0],"20":[0,0],"21":[0,0],"22":[0,0,0],"23":[0,0],"24":[0,0],"25":[0,0],"26":[0,0],"27":[0,0,0]},"f":{"1":1,"2":0,"3":0,"4":0,"5":0,"6":0,"7":0,"8":0,"9":0,"10":0},"fnMap":{"1":{"name":"_interopRequireDefault","line":11,"loc":{"start":{"line":11,"column":0},"end":{"line":11,"column":37}}},"2":{"name":"(anonymous_2)","line":15,"loc":{"start":{"line":15,"column":15},"end":{"line":15,"column":33}}},"3":{"name":"(anonymous_3)","line":32,"loc":{"start":{"line":32,"column":12},"end":{"line":32,"column":15}}},"4":{"name":"_ref","line":33,"loc":{"start":{"line":33,"column":8},"end":{"line":33,"column":27}}},"5":{"name":"(anonymous_5)","line":44,"loc":{"start":{"line":44,"column":15},"end":{"line":44,"column":18}}},"6":{"name":"_ref2","line":45,"loc":{"start":{"line":45,"column":8},"end":{"line":45,"column":29}}},"7":{"name":"(anonymous_7)","line":56,"loc":{"start":{"line":56,"column":21},"end":{"line":56,"column":24}}},"8":{"name":"_ref3","line":57,"loc":{"start":{"line":57,"column":8},"end":{"line":57,"column":29}}},"9":{"name":"(anonymous_9)","line":68,"loc":{"start":{"line":68,"column":12},"end":{"line":68,"column":15}}},"10":{"name":"_inspect","line":87,"loc":{"start":{"line":87,"column":0},"end":{"line":87,"column":32}}}},"statementMap":{"1":{"start":{"line":3,"column":0},"end":{"line":5,"column":3}},"2":{"start":{"line":7,"column":0},"end":{"line":7,"column":42}},"3":{"start":{"line":9,"column":0},"end":{"line":9,"column":55}},"4":{"start":{"line":11,"column":0},"end":{"line":11,"column":95}},"5":{"start":{"line":11,"column":39},"end":{"line":11,"column":93}},"6":{"start":{"line":16,"column":8},"end":{"line":18,"column":9}},"7":{"start":{"line":17,"column":12},"end":{"line":17,"column":124}},"8":{"start":{"line":20,"column":8},"end":{"line":22,"column":9}},"9":{"start":{"line":21,"column":12},"end":{"line":21,"column":143}},"10":{"start":{"line":24,"column":8},"end":{"line":24,"column":27}},"11":{"start":{"line":25,"column":8},"end":{"line":25,"column":33}},"12":{"start":{"line":26,"column":8},"end":{"line":26,"column":37}},"13":{"start":{"line":29,"column":8},"end":{"line":29,"column":37}},"14":{"start":{"line":33,"column":8},"end":{"line":39,"column":9}},"15":{"start":{"line":34,"column":12},"end":{"line":36,"column":13}},"16":{"start":{"line":35,"column":16},"end":{"line":35,"column":127}},"17":{"start":{"line":38,"column":12},"end":{"line":38,"column":23}},"18":{"start":{"line":41,"column":8},"end":{"line":41,"column":45}},"19":{"start":{"line":45,"column":8},"end":{"line":51,"column":9}},"20":{"start":{"line":46,"column":12},"end":{"line":48,"column":13}},"21":{"start":{"line":47,"column":16},"end":{"line":47,"column":128}},"22":{"start":{"line":50,"column":12},"end":{"line":50,"column":24}},"23":{"start":{"line":53,"column":8},"end":{"line":53,"column":49}},"24":{"start":{"line":57,"column":8},"end":{"line":63,"column":9}},"25":{"start":{"line":58,"column":12},"end":{"line":60,"column":13}},"26":{"start":{"line":59,"column":16},"end":{"line":59,"column":128}},"27":{"start":{"line":62,"column":12},"end":{"line":62,"column":24}},"28":{"start":{"line":65,"column":8},"end":{"line":65,"column":47}},"29":{"start":{"line":69,"column":8},"end":{"line":71,"column":9}},"30":{"start":{"line":70,"column":12},"end":{"line":70,"column":39}},"31":{"start":{"line":73,"column":8},"end":{"line":73,"column":69}},"32":{"start":{"line":74,"column":8},"end":{"line":74,"column":42}},"33":{"start":{"line":76,"column":8},"end":{"line":80,"column":9}},"34":{"start":{"line":77,"column":12},"end":{"line":77,"column":24}},"35":{"start":{"line":78,"column":12},"end":{"line":78,"column":32}},"36":{"start":{"line":79,"column":12},"end":{"line":79,"column":44}},"37":{"start":{"line":82,"column":8},"end":{"line":82,"column":41}},"38":{"start":{"line":85,"column":0},"end":{"line":85,"column":30}},"39":{"start":{"line":87,"column":0},"end":{"line":144,"column":1}},"40":{"start":{"line":88,"column":4},"end":{"line":88,"column":23}},"41":{"start":{"line":89,"column":4},"end":{"line":89,"column":23}},"42":{"start":{"line":91,"column":4},"end":{"line":93,"column":5}},"43":{"start":{"line":92,"column":8},"end":{"line":92,"column":18}},"44":{"start":{"line":95,"column":4},"end":{"line":95,"column":15}},"45":{"start":{"line":97,"column":4},"end":{"line":143,"column":5}},"46":{"start":{"line":98,"column":8},"end":{"line":98,"column":22}},"47":{"start":{"line":99,"column":11},"end":{"line":143,"column":5}},"48":{"start":{"line":100,"column":8},"end":{"line":100,"column":22}},"49":{"start":{"line":101,"column":11},"end":{"line":143,"column":5}},"50":{"start":{"line":102,"column":8},"end":{"line":102,"column":28}},"51":{"start":{"line":103,"column":11},"end":{"line":143,"column":5}},"52":{"start":{"line":104,"column":8},"end":{"line":116,"column":9}},"53":{"start":{"line":105,"column":12},"end":{"line":105,"column":49}},"54":{"start":{"line":105,"column":34},"end":{"line":105,"column":49}},"55":{"start":{"line":107,"column":12},"end":{"line":107,"column":52}},"56":{"start":{"line":109,"column":12},"end":{"line":113,"column":13}},"57":{"start":{"line":109,"column":36},"end":{"line":109,"column":67}},"58":{"start":{"line":110,"column":16},"end":{"line":110,"column":43}},"59":{"start":{"line":112,"column":16},"end":{"line":112,"column":148}},"60":{"start":{"line":112,"column":65},"end":{"line":112,"column":86}},"61":{"start":{"line":115,"column":12},"end":{"line":115,"column":27}},"62":{"start":{"line":118,"column":8},"end":{"line":118,"column":40}},"63":{"start":{"line":120,"column":8},"end":{"line":126,"column":9}},"64":{"start":{"line":121,"column":12},"end":{"line":125,"column":13}},"65":{"start":{"line":122,"column":16},"end":{"line":122,"column":46}},"66":{"start":{"line":124,"column":16},"end":{"line":124,"column":32}},"67":{"start":{"line":128,"column":8},"end":{"line":128,"column":45}},"68":{"start":{"line":128,"column":30},"end":{"line":128,"column":45}},"69":{"start":{"line":129,"column":8},"end":{"line":129,"column":46}},"70":{"start":{"line":130,"column":8},"end":{"line":132,"column":33}},"71":{"start":{"line":131,"column":12},"end":{"line":131,"column":128}},"72":{"start":{"line":134,"column":8},"end":{"line":136,"column":9}},"73":{"start":{"line":135,"column":12},"end":{"line":135,"column":47}},"74":{"start":{"line":138,"column":8},"end":{"line":142,"column":9}},"75":{"start":{"line":139,"column":12},"end":{"line":139,"column":94}},"76":{"start":{"line":141,"column":12},"end":{"line":141,"column":68}}},"branchMap":{"1":{"line":11,"type":"cond-expr","locations":[{"start":{"line":11,"column":70},"end":{"line":11,"column":73}},{"start":{"line":11,"column":76},"end":{"line":11,"column":92}}]},"2":{"line":11,"type":"binary-expr","locations":[{"start":{"line":11,"column":46},"end":{"line":11,"column":49}},{"start":{"line":11,"column":53},"end":{"line":11,"column":67}}]},"3":{"line":16,"type":"if","locations":[{"start":{"line":16,"column":8},"end":{"line":16,"column":8}},{"start":{"line":16,"column":8},"end":{"line":16,"column":8}}]},"4":{"line":20,"type":"if","locations":[{"start":{"line":20,"column":8},"end":{"line":20,"column":8}},{"start":{"line":20,"column":8},"end":{"line":20,"column":8}}]},"5":{"line":34,"type":"if","locations":[{"start":{"line":34,"column":12},"end":{"line":34,"column":12}},{"start":{"line":34,"column":12},"end":{"line":34,"column":12}}]},"6":{"line":46,"type":"if","locations":[{"start":{"line":46,"column":12},"end":{"line":46,"column":12}},{"start":{"line":46,"column":12},"end":{"line":46,"column":12}}]},"7":{"line":58,"type":"if","locations":[{"start":{"line":58,"column":12},"end":{"line":58,"column":12}},{"start":{"line":58,"column":12},"end":{"line":58,"column":12}}]},"8":{"line":69,"type":"if","locations":[{"start":{"line":69,"column":8},"end":{"line":69,"column":8}},{"start":{"line":69,"column":8},"end":{"line":69,"column":8}}]},"9":{"line":76,"type":"if","locations":[{"start":{"line":76,"column":8},"end":{"line":76,"column":8}},{"start":{"line":76,"column":8},"end":{"line":76,"column":8}}]},"10":{"line":91,"type":"if","locations":[{"start":{"line":91,"column":4},"end":{"line":91,"column":4}},{"start":{"line":91,"column":4},"end":{"line":91,"column":4}}]},"11":{"line":97,"type":"if","locations":[{"start":{"line":97,"column":4},"end":{"line":97,"column":4}},{"start":{"line":97,"column":4},"end":{"line":97,"column":4}}]},"12":{"line":99,"type":"if","locations":[{"start":{"line":99,"column":11},"end":{"line":99,"column":11}},{"start":{"line":99,"column":11},"end":{"line":99,"column":11}}]},"13":{"line":101,"type":"if","locations":[{"start":{"line":101,"column":11},"end":{"line":101,"column":11}},{"start":{"line":101,"column":11},"end":{"line":101,"column":11}}]},"14":{"line":101,"type":"binary-expr","locations":[{"start":{"line":101,"column":15},"end":{"line":101,"column":40}},{"start":{"line":101,"column":44},"end":{"line":101,"column":69}},{"start":{"line":101,"column":73},"end":{"line":101,"column":99}}]},"15":{"line":103,"type":"if","locations":[{"start":{"line":103,"column":11},"end":{"line":103,"column":11}},{"start":{"line":103,"column":11},"end":{"line":103,"column":11}}]},"16":{"line":104,"type":"if","locations":[{"start":{"line":104,"column":8},"end":{"line":104,"column":8}},{"start":{"line":104,"column":8},"end":{"line":104,"column":8}}]},"17":{"line":105,"type":"if","locations":[{"start":{"line":105,"column":12},"end":{"line":105,"column":12}},{"start":{"line":105,"column":12},"end":{"line":105,"column":12}}]},"18":{"line":109,"type":"if","locations":[{"start":{"line":109,"column":12},"end":{"line":109,"column":12}},{"start":{"line":109,"column":12},"end":{"line":109,"column":12}}]},"19":{"line":112,"type":"cond-expr","locations":[{"start":{"line":112,"column":128},"end":{"line":112,"column":135}},{"start":{"line":112,"column":138},"end":{"line":112,"column":140}}]},"20":{"line":120,"type":"if","locations":[{"start":{"line":120,"column":8},"end":{"line":120,"column":8}},{"start":{"line":120,"column":8},"end":{"line":120,"column":8}}]},"21":{"line":121,"type":"if","locations":[{"start":{"line":121,"column":12},"end":{"line":121,"column":12}},{"start":{"line":121,"column":12},"end":{"line":121,"column":12}}]},"22":{"line":121,"type":"binary-expr","locations":[{"start":{"line":121,"column":16},"end":{"line":121,"column":33}},{"start":{"line":121,"column":37},"end":{"line":121,"column":59}},{"start":{"line":121,"column":63},"end":{"line":121,"column":98}}]},"23":{"line":128,"type":"if","locations":[{"start":{"line":128,"column":8},"end":{"line":128,"column":8}},{"start":{"line":128,"column":8},"end":{"line":128,"column":8}}]},"24":{"line":131,"type":"cond-expr","locations":[{"start":{"line":131,"column":58},"end":{"line":131,"column":61}},{"start":{"line":131,"column":64},"end":{"line":131,"column":83}}]},"25":{"line":134,"type":"if","locations":[{"start":{"line":134,"column":8},"end":{"line":134,"column":8}},{"start":{"line":134,"column":8},"end":{"line":134,"column":8}}]},"26":{"line":138,"type":"if","locations":[{"start":{"line":138,"column":8},"end":{"line":138,"column":8}},{"start":{"line":138,"column":8},"end":{"line":138,"column":8}}]},"27":{"line":138,"type":"binary-expr","locations":[{"start":{"line":138,"column":12},"end":{"line":138,"column":29}},{"start":{"line":138,"column":33},"end":{"line":138,"column":55}},{"start":{"line":138,"column":59},"end":{"line":138,"column":94}}]}}},"/home/ubuntu/alouette/lib-node6-dev/StackTrace.js":{"path":"/home/ubuntu/alouette/lib-node6-dev/StackTrace.js","s":{"1":1,"2":1,"3":1,"4":1,"5":1,"6":1,"7":1,"8":0,"9":0,"10":0,"11":0,"12":0,"13":0,"14":1,"15":1,"16":0,"17":0,"18":0,"19":0,"20":0,"21":0,"22":0,"23":0,"24":0,"25":0,"26":0,"27":0,"28":0,"29":0,"30":0,"31":0,"32":0,"33":0,"34":0,"35":0,"36":0,"37":0,"38":0,"39":0,"40":0,"41":0,"42":0,"43":0,"44":0,"45":0,"46":0,"47":0,"48":0,"49":0,"50":0,"51":0,"52":0},"b":{"1":[1,0],"2":[1,1],"3":[0,1],"4":[1,1],"5":[0,0],"6":[0,0],"7":[0,0],"8":[0,0],"9":[0,0,0],"10":[0,0],"11":[0,0],"12":[0,0],"13":[0,0],"14":[0,0],"15":[0,0],"16":[0,0],"17":[0,0,0],"18":[0,0],"19":[0,0],"20":[0,0],"21":[0,0],"22":[0,0,0]},"f":{"1":1,"2":1,"3":0,"4":0,"5":0,"6":0,"7":0},"fnMap":{"1":{"name":"_interopRequireDefault","line":11,"loc":{"start":{"line":11,"column":0},"end":{"line":11,"column":37}}},"2":{"name":"(anonymous_2)","line":15,"loc":{"start":{"line":15,"column":15},"end":{"line":15,"column":18}}},"3":{"name":"(anonymous_3)","line":18,"loc":{"start":{"line":18,"column":60},"end":{"line":18,"column":76}}},"4":{"name":"(anonymous_4)","line":25,"loc":{"start":{"line":25,"column":11},"end":{"line":25,"column":14}}},"5":{"name":"(anonymous_5)","line":29,"loc":{"start":{"line":29,"column":11},"end":{"line":29,"column":14}}},"6":{"name":"(anonymous_6)","line":35,"loc":{"start":{"line":35,"column":12},"end":{"line":35,"column":15}}},"7":{"name":"_inspect","line":41,"loc":{"start":{"line":41,"column":0},"end":{"line":41,"column":32}}}},"statementMap":{"1":{"start":{"line":3,"column":0},"end":{"line":5,"column":3}},"2":{"start":{"line":7,"column":0},"end":{"line":7,"column":50}},"3":{"start":{"line":9,"column":0},"end":{"line":9,"column":63}},"4":{"start":{"line":11,"column":0},"end":{"line":11,"column":95}},"5":{"start":{"line":11,"column":39},"end":{"line":11,"column":93}},"6":{"start":{"line":16,"column":8},"end":{"line":16,"column":24}},"7":{"start":{"line":18,"column":8},"end":{"line":22,"column":9}},"8":{"start":{"line":19,"column":12},"end":{"line":19,"column":60}},"9":{"start":{"line":21,"column":12},"end":{"line":21,"column":145}},"10":{"start":{"line":26,"column":8},"end":{"line":26,"column":48}},"11":{"start":{"line":30,"column":8},"end":{"line":32,"column":11}},"12":{"start":{"line":31,"column":12},"end":{"line":31,"column":35}},"13":{"start":{"line":36,"column":8},"end":{"line":36,"column":41}},"14":{"start":{"line":39,"column":0},"end":{"line":39,"column":29}},"15":{"start":{"line":41,"column":0},"end":{"line":98,"column":1}},"16":{"start":{"line":42,"column":4},"end":{"line":42,"column":23}},"17":{"start":{"line":43,"column":4},"end":{"line":43,"column":23}},"18":{"start":{"line":45,"column":4},"end":{"line":47,"column":5}},"19":{"start":{"line":46,"column":8},"end":{"line":46,"column":18}},"20":{"start":{"line":49,"column":4},"end":{"line":49,"column":15}},"21":{"start":{"line":51,"column":4},"end":{"line":97,"column":5}},"22":{"start":{"line":52,"column":8},"end":{"line":52,"column":22}},"23":{"start":{"line":53,"column":11},"end":{"line":97,"column":5}},"24":{"start":{"line":54,"column":8},"end":{"line":54,"column":22}},"25":{"start":{"line":55,"column":11},"end":{"line":97,"column":5}},"26":{"start":{"line":56,"column":8},"end":{"line":56,"column":28}},"27":{"start":{"line":57,"column":11},"end":{"line":97,"column":5}},"28":{"start":{"line":58,"column":8},"end":{"line":70,"column":9}},"29":{"start":{"line":59,"column":12},"end":{"line":59,"column":49}},"30":{"start":{"line":59,"column":34},"end":{"line":59,"column":49}},"31":{"start":{"line":61,"column":12},"end":{"line":61,"column":52}},"32":{"start":{"line":63,"column":12},"end":{"line":67,"column":13}},"33":{"start":{"line":63,"column":36},"end":{"line":63,"column":67}},"34":{"start":{"line":64,"column":16},"end":{"line":64,"column":43}},"35":{"start":{"line":66,"column":16},"end":{"line":66,"column":148}},"36":{"start":{"line":66,"column":65},"end":{"line":66,"column":86}},"37":{"start":{"line":69,"column":12},"end":{"line":69,"column":27}},"38":{"start":{"line":72,"column":8},"end":{"line":72,"column":40}},"39":{"start":{"line":74,"column":8},"end":{"line":80,"column":9}},"40":{"start":{"line":75,"column":12},"end":{"line":79,"column":13}},"41":{"start":{"line":76,"column":16},"end":{"line":76,"column":46}},"42":{"start":{"line":78,"column":16},"end":{"line":78,"column":32}},"43":{"start":{"line":82,"column":8},"end":{"line":82,"column":45}},"44":{"start":{"line":82,"column":30},"end":{"line":82,"column":45}},"45":{"start":{"line":83,"column":8},"end":{"line":83,"column":46}},"46":{"start":{"line":84,"column":8},"end":{"line":86,"column":33}},"47":{"start":{"line":85,"column":12},"end":{"line":85,"column":128}},"48":{"start":{"line":88,"column":8},"end":{"line":90,"column":9}},"49":{"start":{"line":89,"column":12},"end":{"line":89,"column":47}},"50":{"start":{"line":92,"column":8},"end":{"line":96,"column":9}},"51":{"start":{"line":93,"column":12},"end":{"line":93,"column":94}},"52":{"start":{"line":95,"column":12},"end":{"line":95,"column":68}}},"branchMap":{"1":{"line":11,"type":"cond-expr","locations":[{"start":{"line":11,"column":70},"end":{"line":11,"column":73}},{"start":{"line":11,"column":76},"end":{"line":11,"column":92}}]},"2":{"line":11,"type":"binary-expr","locations":[{"start":{"line":11,"column":46},"end":{"line":11,"column":49}},{"start":{"line":11,"column":53},"end":{"line":11,"column":67}}]},"3":{"line":18,"type":"if","locations":[{"start":{"line":18,"column":8},"end":{"line":18,"column":8}},{"start":{"line":18,"column":8},"end":{"line":18,"column":8}}]},"4":{"line":18,"type":"binary-expr","locations":[{"start":{"line":18,"column":14},"end":{"line":18,"column":39}},{"start":{"line":18,"column":43},"end":{"line":20,"column":10}}]},"5":{"line":45,"type":"if","locations":[{"start":{"line":45,"column":4},"end":{"line":45,"column":4}},{"start":{"line":45,"column":4},"end":{"line":45,"column":4}}]},"6":{"line":51,"type":"if","locations":[{"start":{"line":51,"column":4},"end":{"line":51,"column":4}},{"start":{"line":51,"column":4},"end":{"line":51,"column":4}}]},"7":{"line":53,"type":"if","locations":[{"start":{"line":53,"column":11},"end":{"line":53,"column":11}},{"start":{"line":53,"column":11},"end":{"line":53,"column":11}}]},"8":{"line":55,"type":"if","locations":[{"start":{"line":55,"column":11},"end":{"line":55,"column":11}},{"start":{"line":55,"column":11},"end":{"line":55,"column":11}}]},"9":{"line":55,"type":"binary-expr","locations":[{"start":{"line":55,"column":15},"end":{"line":55,"column":40}},{"start":{"line":55,"column":44},"end":{"line":55,"column":69}},{"start":{"line":55,"column":73},"end":{"line":55,"column":99}}]},"10":{"line":57,"type":"if","locations":[{"start":{"line":57,"column":11},"end":{"line":57,"column":11}},{"start":{"line":57,"column":11},"end":{"line":57,"column":11}}]},"11":{"line":58,"type":"if","locations":[{"start":{"line":58,"column":8},"end":{"line":58,"column":8}},{"start":{"line":58,"column":8},"end":{"line":58,"column":8}}]},"12":{"line":59,"type":"if","locations":[{"start":{"line":59,"column":12},"end":{"line":59,"column":12}},{"start":{"line":59,"column":12},"end":{"line":59,"column":12}}]},"13":{"line":63,"type":"if","locations":[{"start":{"line":63,"column":12},"end":{"line":63,"column":12}},{"start":{"line":63,"column":12},"end":{"line":63,"column":12}}]},"14":{"line":66,"type":"cond-expr","locations":[{"start":{"line":66,"column":128},"end":{"line":66,"column":135}},{"start":{"line":66,"column":138},"end":{"line":66,"column":140}}]},"15":{"line":74,"type":"if","locations":[{"start":{"line":74,"column":8},"end":{"line":74,"column":8}},{"start":{"line":74,"column":8},"end":{"line":74,"column":8}}]},"16":{"line":75,"type":"if","locations":[{"start":{"line":75,"column":12},"end":{"line":75,"column":12}},{"start":{"line":75,"column":12},"end":{"line":75,"column":12}}]},"17":{"line":75,"type":"binary-expr","locations":[{"start":{"line":75,"column":16},"end":{"line":75,"column":33}},{"start":{"line":75,"column":37},"end":{"line":75,"column":59}},{"start":{"line":75,"column":63},"end":{"line":75,"column":98}}]},"18":{"line":82,"type":"if","locations":[{"start":{"line":82,"column":8},"end":{"line":82,"column":8}},{"start":{"line":82,"column":8},"end":{"line":82,"column":8}}]},"19":{"line":85,"type":"cond-expr","locations":[{"start":{"line":85,"column":58},"end":{"line":85,"column":61}},{"start":{"line":85,"column":64},"end":{"line":85,"column":83}}]},"20":{"line":88,"type":"if","locations":[{"start":{"line":88,"column":8},"end":{"line":88,"column":8}},{"start":{"line":88,"column":8},"end":{"line":88,"column":8}}]},"21":{"line":92,"type":"if","locations":[{"start":{"line":92,"column":8},"end":{"line":92,"column":8}},{"start":{"line":92,"column":8},"end":{"line":92,"column":8}}]},"22":{"line":92,"type":"binary-expr","locations":[{"start":{"line":92,"column":12},"end":{"line":92,"column":29}},{"start":{"line":92,"column":33},"end":{"line":92,"column":55}},{"start":{"line":92,"column":59},"end":{"line":92,"column":94}}]}}},"/home/ubuntu/alouette/lib-node6-dev/StackTraceItem.js":{"path":"/home/ubuntu/alouette/lib-node6-dev/StackTraceItem.js","s":{"1":1,"2":12,"3":12,"4":12,"5":12,"6":12,"7":12,"8":12,"9":12,"10":12,"11":12,"12":12,"13":12,"14":0,"15":0,"16":0,"17":12,"18":12,"19":0,"20":0,"21":0,"22":0,"23":0,"24":0,"25":0,"26":0,"27":0,"28":0,"29":0,"30":0,"31":0,"32":0,"33":0,"34":0,"35":0,"36":0,"37":0,"38":1},"b":{"1":[0,12],"2":[12,0,0],"3":[0,0],"4":[0,0],"5":[0,0],"6":[0,0],"7":[0,0],"8":[0,0],"9":[0,0],"10":[0,0],"11":[0,0]},"f":{"1":12,"2":0,"3":0,"4":0,"5":0,"6":0},"fnMap":{"1":{"name":"(anonymous_1)","line":7,"loc":{"start":{"line":7,"column":15},"end":{"line":7,"column":37}}},"2":{"name":"(anonymous_2)","line":32,"loc":{"start":{"line":32,"column":15},"end":{"line":32,"column":18}}},"3":{"name":"(anonymous_3)","line":36,"loc":{"start":{"line":36,"column":17},"end":{"line":36,"column":20}}},"4":{"name":"(anonymous_4)","line":40,"loc":{"start":{"line":40,"column":19},"end":{"line":40,"column":22}}},"5":{"name":"(anonymous_5)","line":44,"loc":{"start":{"line":44,"column":28},"end":{"line":44,"column":31}}},"6":{"name":"(anonymous_6)","line":48,"loc":{"start":{"line":48,"column":12},"end":{"line":48,"column":15}}}},"statementMap":{"1":{"start":{"line":3,"column":0},"end":{"line":5,"column":3}},"2":{"start":{"line":8,"column":8},"end":{"line":8,"column":38}},"3":{"start":{"line":9,"column":8},"end":{"line":9,"column":42}},"4":{"start":{"line":10,"column":8},"end":{"line":10,"column":46}},"5":{"start":{"line":11,"column":8},"end":{"line":11,"column":46}},"6":{"start":{"line":12,"column":8},"end":{"line":12,"column":38}},"7":{"start":{"line":13,"column":8},"end":{"line":13,"column":42}},"8":{"start":{"line":14,"column":8},"end":{"line":14,"column":34}},"9":{"start":{"line":15,"column":8},"end":{"line":15,"column":30}},"10":{"start":{"line":17,"column":8},"end":{"line":17,"column":54}},"11":{"start":{"line":18,"column":8},"end":{"line":18,"column":58}},"12":{"start":{"line":19,"column":8},"end":{"line":19,"column":62}},"13":{"start":{"line":21,"column":8},"end":{"line":29,"column":9}},"14":{"start":{"line":22,"column":12},"end":{"line":22,"column":106}},"15":{"start":{"line":23,"column":12},"end":{"line":25,"column":13}},"16":{"start":{"line":24,"column":16},"end":{"line":24,"column":118}},"17":{"start":{"line":27,"column":12},"end":{"line":27,"column":46}},"18":{"start":{"line":28,"column":12},"end":{"line":28,"column":62}},"19":{"start":{"line":33,"column":8},"end":{"line":33,"column":29}},"20":{"start":{"line":37,"column":8},"end":{"line":37,"column":25}},"21":{"start":{"line":41,"column":8},"end":{"line":41,"column":31}},"22":{"start":{"line":45,"column":8},"end":{"line":45,"column":29}},"23":{"start":{"line":49,"column":8},"end":{"line":49,"column":28}},"24":{"start":{"line":50,"column":8},"end":{"line":54,"column":9}},"25":{"start":{"line":51,"column":12},"end":{"line":51,"column":37}},"26":{"start":{"line":52,"column":15},"end":{"line":54,"column":9}},"27":{"start":{"line":53,"column":12},"end":{"line":53,"column":78}},"28":{"start":{"line":56,"column":8},"end":{"line":70,"column":9}},"29":{"start":{"line":57,"column":12},"end":{"line":57,"column":31}},"30":{"start":{"line":59,"column":12},"end":{"line":59,"column":98}},"31":{"start":{"line":60,"column":12},"end":{"line":64,"column":13}},"32":{"start":{"line":61,"column":16},"end":{"line":61,"column":42}},"33":{"start":{"line":63,"column":16},"end":{"line":63,"column":32}},"34":{"start":{"line":66,"column":12},"end":{"line":69,"column":13}},"35":{"start":{"line":67,"column":16},"end":{"line":67,"column":126}},"36":{"start":{"line":68,"column":16},"end":{"line":68,"column":56}},"37":{"start":{"line":71,"column":8},"end":{"line":71,"column":19}},"38":{"start":{"line":74,"column":0},"end":{"line":74,"column":33}}},"branchMap":{"1":{"line":21,"type":"if","locations":[{"start":{"line":21,"column":8},"end":{"line":21,"column":8}},{"start":{"line":21,"column":8},"end":{"line":21,"column":8}}]},"2":{"line":21,"type":"binary-expr","locations":[{"start":{"line":21,"column":12},"end":{"line":21,"column":25}},{"start":{"line":21,"column":29},"end":{"line":21,"column":42}},{"start":{"line":21,"column":46},"end":{"line":21,"column":93}}]},"3":{"line":23,"type":"if","locations":[{"start":{"line":23,"column":12},"end":{"line":23,"column":12}},{"start":{"line":23,"column":12},"end":{"line":23,"column":12}}]},"4":{"line":50,"type":"if","locations":[{"start":{"line":50,"column":8},"end":{"line":50,"column":8}},{"start":{"line":50,"column":8},"end":{"line":50,"column":8}}]},"5":{"line":52,"type":"if","locations":[{"start":{"line":52,"column":15},"end":{"line":52,"column":15}},{"start":{"line":52,"column":15},"end":{"line":52,"column":15}}]},"6":{"line":53,"type":"binary-expr","locations":[{"start":{"line":53,"column":42},"end":{"line":53,"column":57}},{"start":{"line":53,"column":61},"end":{"line":53,"column":74}}]},"7":{"line":56,"type":"if","locations":[{"start":{"line":56,"column":8},"end":{"line":56,"column":8}},{"start":{"line":56,"column":8},"end":{"line":56,"column":8}}]},"8":{"line":60,"type":"if","locations":[{"start":{"line":60,"column":12},"end":{"line":60,"column":12}},{"start":{"line":60,"column":12},"end":{"line":60,"column":12}}]},"9":{"line":60,"type":"binary-expr","locations":[{"start":{"line":60,"column":16},"end":{"line":60,"column":33}},{"start":{"line":60,"column":37},"end":{"line":60,"column":50}}]},"10":{"line":66,"type":"if","locations":[{"start":{"line":66,"column":12},"end":{"line":66,"column":12}},{"start":{"line":66,"column":12},"end":{"line":66,"column":12}}]},"11":{"line":66,"type":"binary-expr","locations":[{"start":{"line":66,"column":16},"end":{"line":66,"column":37}},{"start":{"line":66,"column":41},"end":{"line":66,"column":84}}]}}}}