{"/home/ubuntu/alouette/index.js":{"path":"/home/ubuntu/alouette/index.js","s":{"1":1,"2":1,"3":1,"4":0},"b":{"1":[1,0],"2":[1,1],"3":[0,1],"4":[0,0]},"f":{},"fnMap":{},"statementMap":{"1":{"start":{"line":1,"column":0},"end":{"line":1,"column":55}},"2":{"start":{"line":2,"column":0},"end":{"line":3,"column":86}},"3":{"start":{"line":3,"column":4},"end":{"line":3,"column":86}},"4":{"start":{"line":4,"column":0},"end":{"line":4,"column":87}}},"branchMap":{"1":{"line":2,"type":"if","locations":[{"start":{"line":2,"column":0},"end":{"line":2,"column":0}},{"start":{"line":2,"column":0},"end":{"line":2,"column":0}}]},"2":{"line":2,"type":"binary-expr","locations":[{"start":{"line":2,"column":4},"end":{"line":2,"column":30}},{"start":{"line":2,"column":34},"end":{"line":2,"column":67}}]},"3":{"line":3,"type":"cond-expr","locations":[{"start":{"line":3,"column":66},"end":{"line":3,"column":68}},{"start":{"line":3,"column":71},"end":{"line":3,"column":77}}]},"4":{"line":4,"type":"cond-expr","locations":[{"start":{"line":4,"column":67},"end":{"line":4,"column":69}},{"start":{"line":4,"column":72},"end":{"line":4,"column":78}}]}}},"/home/ubuntu/alouette/lib-node6-dev/index.js":{"path":"/home/ubuntu/alouette/lib-node6-dev/index.js","s":{"1":1,"2":1,"3":1,"4":1,"5":1,"6":1,"7":1,"8":1,"9":1,"10":1,"11":1,"12":1,"13":3,"14":1,"15":1,"16":1,"17":1,"18":1,"19":0,"20":1,"21":0,"22":0,"23":0,"24":0,"25":1,"26":1,"27":1,"28":1,"29":1,"30":1,"31":12,"32":12,"33":12,"34":10,"35":7,"36":3,"37":3,"38":3,"39":3,"40":3,"41":3,"42":3,"43":3,"44":3,"45":3,"46":3,"47":0,"48":3,"49":1,"50":1,"51":1,"52":0,"53":1,"54":0,"55":12,"56":2,"57":2,"58":2,"59":2,"60":2,"61":1,"62":1,"63":1,"64":1,"65":1,"66":1,"67":1,"68":0,"69":0,"70":0,"71":0,"72":0,"73":0,"74":2,"75":2,"76":2,"77":2,"78":2,"79":2,"80":2,"81":2,"82":1,"83":12,"84":8,"85":12,"86":1},"b":{"1":[3,0],"2":[3,3],"3":[0,0],"4":[10,2],"5":[12,12],"6":[7,3],"7":[0,3],"8":[3,1,1],"9":[0,1],"10":[2,10],"11":[12,10],"12":[2,0],"13":[1,1],"14":[1,0],"15":[1,1],"16":[0,1],"17":[1,1],"18":[8,4],"19":[12,10,8]},"f":{"1":3,"2":0,"3":0,"4":1,"5":0},"fnMap":{"1":{"name":"_interopRequireDefault","line":24,"loc":{"start":{"line":24,"column":0},"end":{"line":24,"column":37}}},"2":{"name":"setPathMapping","line":40,"loc":{"start":{"line":40,"column":0},"end":{"line":40,"column":49}}},"3":{"name":"parse","line":50,"loc":{"start":{"line":50,"column":0},"end":{"line":50,"column":20}}},"4":{"name":"parseErrorStack","line":66,"loc":{"start":{"line":66,"column":0},"end":{"line":66,"column":30}}},"5":{"name":"get","line":137,"loc":{"start":{"line":137,"column":21},"end":{"line":137,"column":36}}}},"statementMap":{"1":{"start":{"line":3,"column":0},"end":{"line":5,"column":3}},"2":{"start":{"line":6,"column":0},"end":{"line":6,"column":40}},"3":{"start":{"line":7,"column":0},"end":{"line":7,"column":22}},"4":{"start":{"line":8,"column":0},"end":{"line":8,"column":42}},"5":{"start":{"line":10,"column":0},"end":{"line":10,"column":24}},"6":{"start":{"line":12,"column":0},"end":{"line":12,"column":44}},"7":{"start":{"line":14,"column":0},"end":{"line":14,"column":57}},"8":{"start":{"line":16,"column":0},"end":{"line":16,"column":42}},"9":{"start":{"line":18,"column":0},"end":{"line":18,"column":55}},"10":{"start":{"line":20,"column":0},"end":{"line":20,"column":50}},"11":{"start":{"line":22,"column":0},"end":{"line":22,"column":63}},"12":{"start":{"line":24,"column":0},"end":{"line":24,"column":95}},"13":{"start":{"line":24,"column":39},"end":{"line":24,"column":93}},"14":{"start":{"line":27,"column":0},"end":{"line":27,"column":29}},"15":{"start":{"line":29,"column":0},"end":{"line":29,"column":42}},"16":{"start":{"line":30,"column":0},"end":{"line":30,"column":40}},"17":{"start":{"line":32,"column":0},"end":{"line":32,"column":18}},"18":{"start":{"line":40,"column":0},"end":{"line":42,"column":1}},"19":{"start":{"line":41,"column":2},"end":{"line":41,"column":78}},"20":{"start":{"line":50,"column":0},"end":{"line":58,"column":1}},"21":{"start":{"line":51,"column":2},"end":{"line":51,"column":73}},"22":{"start":{"line":53,"column":2},"end":{"line":55,"column":3}},"23":{"start":{"line":54,"column":4},"end":{"line":54,"column":47}},"24":{"start":{"line":57,"column":2},"end":{"line":57,"column":21}},"25":{"start":{"line":66,"column":0},"end":{"line":177,"column":1}},"26":{"start":{"line":67,"column":2},"end":{"line":67,"column":46}},"27":{"start":{"line":68,"column":2},"end":{"line":68,"column":36}},"28":{"start":{"line":70,"column":2},"end":{"line":70,"column":29}},"29":{"start":{"line":71,"column":2},"end":{"line":71,"column":32}},"30":{"start":{"line":73,"column":2},"end":{"line":174,"column":5}},"31":{"start":{"line":74,"column":4},"end":{"line":74,"column":35}},"32":{"start":{"line":75,"column":4},"end":{"line":75,"column":13}},"33":{"start":{"line":77,"column":4},"end":{"line":110,"column":5}},"34":{"start":{"line":78,"column":6},"end":{"line":109,"column":9}},"35":{"start":{"line":79,"column":8},"end":{"line":79,"column":38}},"36":{"start":{"line":81,"column":10},"end":{"line":81,"column":20}},"37":{"start":{"line":82,"column":10},"end":{"line":82,"column":49}},"38":{"start":{"line":83,"column":10},"end":{"line":108,"column":11}},"39":{"start":{"line":84,"column":12},"end":{"line":84,"column":75}},"40":{"start":{"line":85,"column":12},"end":{"line":85,"column":37}},"41":{"start":{"line":86,"column":12},"end":{"line":86,"column":40}},"42":{"start":{"line":87,"column":12},"end":{"line":87,"column":41}},"43":{"start":{"line":89,"column":12},"end":{"line":105,"column":26}},"44":{"start":{"line":90,"column":14},"end":{"line":90,"column":52}},"45":{"start":{"line":91,"column":14},"end":{"line":91,"column":86}},"46":{"start":{"line":92,"column":14},"end":{"line":94,"column":15}},"47":{"start":{"line":93,"column":16},"end":{"line":93,"column":62}},"48":{"start":{"line":96,"column":14},"end":{"line":96,"column":77}},"49":{"start":{"line":97,"column":14},"end":{"line":97,"column":45}},"50":{"start":{"line":98,"column":14},"end":{"line":98,"column":67}},"51":{"start":{"line":100,"column":14},"end":{"line":104,"column":15}},"52":{"start":{"line":101,"column":16},"end":{"line":101,"column":77}},"53":{"start":{"line":103,"column":16},"end":{"line":103,"column":57}},"54":{"start":{"line":107,"column":12},"end":{"line":107,"column":49}},"55":{"start":{"line":112,"column":4},"end":{"line":163,"column":5}},"56":{"start":{"line":113,"column":6},"end":{"line":116,"column":9}},"57":{"start":{"line":117,"column":6},"end":{"line":117,"column":23}},"58":{"start":{"line":119,"column":6},"end":{"line":162,"column":7}},"59":{"start":{"line":120,"column":8},"end":{"line":120,"column":80}},"60":{"start":{"line":122,"column":8},"end":{"line":149,"column":9}},"61":{"start":{"line":123,"column":10},"end":{"line":123,"column":59}},"62":{"start":{"line":125,"column":10},"end":{"line":125,"column":83}},"63":{"start":{"line":126,"column":10},"end":{"line":126,"column":58}},"64":{"start":{"line":128,"column":10},"end":{"line":131,"column":11}},"65":{"start":{"line":129,"column":12},"end":{"line":129,"column":74}},"66":{"start":{"line":130,"column":12},"end":{"line":130,"column":95}},"67":{"start":{"line":134,"column":12},"end":{"line":147,"column":13}},"68":{"start":{"line":135,"column":14},"end":{"line":146,"column":17}},"69":{"start":{"line":138,"column":18},"end":{"line":138,"column":31}},"70":{"start":{"line":139,"column":18},"end":{"line":141,"column":34}},"71":{"start":{"line":140,"column":20},"end":{"line":140,"column":82}},"72":{"start":{"line":143,"column":18},"end":{"line":143,"column":87}},"73":{"start":{"line":144,"column":18},"end":{"line":144,"column":34}},"74":{"start":{"line":151,"column":8},"end":{"line":151,"column":46}},"75":{"start":{"line":152,"column":8},"end":{"line":152,"column":50}},"76":{"start":{"line":153,"column":8},"end":{"line":153,"column":54}},"77":{"start":{"line":155,"column":8},"end":{"line":155,"column":33}},"78":{"start":{"line":156,"column":8},"end":{"line":156,"column":46}},"79":{"start":{"line":157,"column":8},"end":{"line":157,"column":40}},"80":{"start":{"line":158,"column":8},"end":{"line":158,"column":44}},"81":{"start":{"line":159,"column":8},"end":{"line":161,"column":9}},"82":{"start":{"line":160,"column":10},"end":{"line":160,"column":42}},"83":{"start":{"line":165,"column":4},"end":{"line":171,"column":5}},"84":{"start":{"line":166,"column":6},"end":{"line":170,"column":8}},"85":{"start":{"line":173,"column":4},"end":{"line":173,"column":77}},"86":{"start":{"line":176,"column":2},"end":{"line":176,"column":20}}},"branchMap":{"1":{"line":24,"type":"cond-expr","locations":[{"start":{"line":24,"column":70},"end":{"line":24,"column":73}},{"start":{"line":24,"column":76},"end":{"line":24,"column":92}}]},"2":{"line":24,"type":"binary-expr","locations":[{"start":{"line":24,"column":46},"end":{"line":24,"column":49}},{"start":{"line":24,"column":53},"end":{"line":24,"column":67}}]},"3":{"line":53,"type":"if","locations":[{"start":{"line":53,"column":2},"end":{"line":53,"column":2}},{"start":{"line":53,"column":2},"end":{"line":53,"column":2}}]},"4":{"line":77,"type":"if","locations":[{"start":{"line":77,"column":4},"end":{"line":77,"column":4}},{"start":{"line":77,"column":4},"end":{"line":77,"column":4}}]},"5":{"line":77,"type":"binary-expr","locations":[{"start":{"line":77,"column":8},"end":{"line":77,"column":16}},{"start":{"line":77,"column":20},"end":{"line":77,"column":44}}]},"6":{"line":78,"type":"if","locations":[{"start":{"line":78,"column":6},"end":{"line":78,"column":6}},{"start":{"line":78,"column":6},"end":{"line":78,"column":6}}]},"7":{"line":92,"type":"if","locations":[{"start":{"line":92,"column":14},"end":{"line":92,"column":14}},{"start":{"line":92,"column":14},"end":{"line":92,"column":14}}]},"8":{"line":92,"type":"binary-expr","locations":[{"start":{"line":92,"column":18},"end":{"line":92,"column":23}},{"start":{"line":92,"column":27},"end":{"line":92,"column":35}},{"start":{"line":92,"column":39},"end":{"line":92,"column":58}}]},"9":{"line":100,"type":"if","locations":[{"start":{"line":100,"column":14},"end":{"line":100,"column":14}},{"start":{"line":100,"column":14},"end":{"line":100,"column":14}}]},"10":{"line":112,"type":"if","locations":[{"start":{"line":112,"column":4},"end":{"line":112,"column":4}},{"start":{"line":112,"column":4},"end":{"line":112,"column":4}}]},"11":{"line":112,"type":"binary-expr","locations":[{"start":{"line":112,"column":8},"end":{"line":112,"column":12}},{"start":{"line":112,"column":16},"end":{"line":112,"column":24}}]},"12":{"line":119,"type":"if","locations":[{"start":{"line":119,"column":6},"end":{"line":119,"column":6}},{"start":{"line":119,"column":6},"end":{"line":119,"column":6}}]},"13":{"line":122,"type":"if","locations":[{"start":{"line":122,"column":8},"end":{"line":122,"column":8}},{"start":{"line":122,"column":8},"end":{"line":122,"column":8}}]},"14":{"line":128,"type":"if","locations":[{"start":{"line":128,"column":10},"end":{"line":128,"column":10}},{"start":{"line":128,"column":10},"end":{"line":128,"column":10}}]},"15":{"line":130,"type":"binary-expr","locations":[{"start":{"line":130,"column":36},"end":{"line":130,"column":54}},{"start":{"line":130,"column":58},"end":{"line":130,"column":94}}]},"16":{"line":134,"type":"if","locations":[{"start":{"line":134,"column":12},"end":{"line":134,"column":12}},{"start":{"line":134,"column":12},"end":{"line":134,"column":12}}]},"17":{"line":159,"type":"if","locations":[{"start":{"line":159,"column":8},"end":{"line":159,"column":8}},{"start":{"line":159,"column":8},"end":{"line":159,"column":8}}]},"18":{"line":165,"type":"if","locations":[{"start":{"line":165,"column":4},"end":{"line":165,"column":4}},{"start":{"line":165,"column":4},"end":{"line":165,"column":4}}]},"19":{"line":165,"type":"binary-expr","locations":[{"start":{"line":165,"column":8},"end":{"line":165,"column":18}},{"start":{"line":165,"column":22},"end":{"line":165,"column":26}},{"start":{"line":165,"column":30},"end":{"line":165,"column":43}}]}}},"/home/ubuntu/alouette/lib-node6-dev/ParsedError.js":{"path":"/home/ubuntu/alouette/lib-node6-dev/ParsedError.js","s":{"1":1,"2":1,"3":1,"4":1,"5":1,"6":0,"7":0,"8":0,"9":0,"10":0,"11":0,"12":0,"13":0,"14":1,"15":0,"16":0,"17":0,"18":0,"19":1,"20":0,"21":0,"22":0,"23":0,"24":1,"25":0,"26":0,"27":0,"28":0,"29":0,"30":0,"31":0,"32":0,"33":0,"34":0,"35":0,"36":0,"37":0,"38":1,"39":1,"40":0,"41":0,"42":0,"43":0,"44":0,"45":0,"46":0,"47":0,"48":0,"49":0,"50":0,"51":0,"52":0,"53":0,"54":0,"55":0,"56":0,"57":0,"58":0,"59":0,"60":0,"61":0,"62":0,"63":0,"64":0,"65":0,"66":0,"67":0,"68":0,"69":0,"70":0,"71":0,"72":0,"73":0,"74":0,"75":0,"76":0},"b":{"1":[1,0],"2":[1,1],"3":[0,0],"4":[0,0],"5":[0,0],"6":[0,0],"7":[0,0],"8":[0,0],"9":[0,0],"10":[0,0],"11":[0,0],"12":[0,0],"13":[0,0],"14":[0,0,0],"15":[0,0],"16":[0,0],"17":[0,0],"18":[0,0],"19":[0,0],"20":[0,0],"21":[0,0],"22":[0,0,0],"23":[0,0],"24":[0,0],"25":[0,0],"26":[0,0],"27":[0,0,0]},"f":{"1":1,"2":0,"3":0,"4":0,"5":0,"6":0,"7":0,"8":0,"9":0,"10":0},"fnMap":{"1":{"name":"_interopRequireDefault","line":11,"loc":{"start":{"line":11,"column":0},"end":{"line":11,"column":37}}},"2":{"name":"(anonymous_2)","line":15,"loc":{"start":{"line":15,"column":13},"end":{"line":15,"column":31}}},"3":{"name":"(anonymous_3)","line":32,"loc":{"start":{"line":32,"column":10},"end":{"line":32,"column":13}}},"4":{"name":"_ref","line":33,"loc":{"start":{"line":33,"column":4},"end":{"line":33,"column":23}}},"5":{"name":"(anonymous_5)","line":44,"loc":{"start":{"line":44,"column":13},"end":{"line":44,"column":16}}},"6":{"name":"_ref2","line":45,"loc":{"start":{"line":45,"column":4},"end":{"line":45,"column":25}}},"7":{"name":"(anonymous_7)","line":56,"loc":{"start":{"line":56,"column":19},"end":{"line":56,"column":22}}},"8":{"name":"_ref3","line":57,"loc":{"start":{"line":57,"column":4},"end":{"line":57,"column":25}}},"9":{"name":"(anonymous_9)","line":68,"loc":{"start":{"line":68,"column":10},"end":{"line":68,"column":13}}},"10":{"name":"_inspect","line":87,"loc":{"start":{"line":87,"column":0},"end":{"line":87,"column":32}}}},"statementMap":{"1":{"start":{"line":3,"column":0},"end":{"line":5,"column":3}},"2":{"start":{"line":7,"column":0},"end":{"line":7,"column":42}},"3":{"start":{"line":9,"column":0},"end":{"line":9,"column":55}},"4":{"start":{"line":11,"column":0},"end":{"line":11,"column":95}},"5":{"start":{"line":11,"column":39},"end":{"line":11,"column":93}},"6":{"start":{"line":16,"column":4},"end":{"line":18,"column":5}},"7":{"start":{"line":17,"column":6},"end":{"line":17,"column":118}},"8":{"start":{"line":20,"column":4},"end":{"line":22,"column":5}},"9":{"start":{"line":21,"column":6},"end":{"line":21,"column":137}},"10":{"start":{"line":24,"column":4},"end":{"line":24,"column":23}},"11":{"start":{"line":25,"column":4},"end":{"line":25,"column":29}},"12":{"start":{"line":26,"column":4},"end":{"line":26,"column":33}},"13":{"start":{"line":29,"column":4},"end":{"line":29,"column":33}},"14":{"start":{"line":33,"column":4},"end":{"line":39,"column":5}},"15":{"start":{"line":34,"column":6},"end":{"line":36,"column":7}},"16":{"start":{"line":35,"column":8},"end":{"line":35,"column":119}},"17":{"start":{"line":38,"column":6},"end":{"line":38,"column":17}},"18":{"start":{"line":41,"column":4},"end":{"line":41,"column":41}},"19":{"start":{"line":45,"column":4},"end":{"line":51,"column":5}},"20":{"start":{"line":46,"column":6},"end":{"line":48,"column":7}},"21":{"start":{"line":47,"column":8},"end":{"line":47,"column":120}},"22":{"start":{"line":50,"column":6},"end":{"line":50,"column":18}},"23":{"start":{"line":53,"column":4},"end":{"line":53,"column":45}},"24":{"start":{"line":57,"column":4},"end":{"line":63,"column":5}},"25":{"start":{"line":58,"column":6},"end":{"line":60,"column":7}},"26":{"start":{"line":59,"column":8},"end":{"line":59,"column":120}},"27":{"start":{"line":62,"column":6},"end":{"line":62,"column":18}},"28":{"start":{"line":65,"column":4},"end":{"line":65,"column":43}},"29":{"start":{"line":69,"column":4},"end":{"line":71,"column":5}},"30":{"start":{"line":70,"column":6},"end":{"line":70,"column":33}},"31":{"start":{"line":73,"column":4},"end":{"line":73,"column":65}},"32":{"start":{"line":74,"column":4},"end":{"line":74,"column":38}},"33":{"start":{"line":76,"column":4},"end":{"line":80,"column":5}},"34":{"start":{"line":77,"column":6},"end":{"line":77,"column":18}},"35":{"start":{"line":78,"column":6},"end":{"line":78,"column":26}},"36":{"start":{"line":79,"column":6},"end":{"line":79,"column":38}},"37":{"start":{"line":82,"column":4},"end":{"line":82,"column":37}},"38":{"start":{"line":85,"column":0},"end":{"line":85,"column":30}},"39":{"start":{"line":87,"column":0},"end":{"line":144,"column":1}},"40":{"start":{"line":88,"column":2},"end":{"line":88,"column":21}},"41":{"start":{"line":89,"column":2},"end":{"line":89,"column":21}},"42":{"start":{"line":91,"column":2},"end":{"line":93,"column":3}},"43":{"start":{"line":92,"column":4},"end":{"line":92,"column":14}},"44":{"start":{"line":95,"column":2},"end":{"line":95,"column":13}},"45":{"start":{"line":97,"column":2},"end":{"line":143,"column":3}},"46":{"start":{"line":98,"column":4},"end":{"line":98,"column":18}},"47":{"start":{"line":99,"column":9},"end":{"line":143,"column":3}},"48":{"start":{"line":100,"column":4},"end":{"line":100,"column":18}},"49":{"start":{"line":101,"column":9},"end":{"line":143,"column":3}},"50":{"start":{"line":102,"column":4},"end":{"line":102,"column":24}},"51":{"start":{"line":103,"column":9},"end":{"line":143,"column":3}},"52":{"start":{"line":104,"column":4},"end":{"line":116,"column":5}},"53":{"start":{"line":105,"column":6},"end":{"line":105,"column":43}},"54":{"start":{"line":105,"column":28},"end":{"line":105,"column":43}},"55":{"start":{"line":107,"column":6},"end":{"line":107,"column":46}},"56":{"start":{"line":109,"column":6},"end":{"line":113,"column":7}},"57":{"start":{"line":109,"column":30},"end":{"line":109,"column":61}},"58":{"start":{"line":110,"column":8},"end":{"line":110,"column":35}},"59":{"start":{"line":112,"column":8},"end":{"line":112,"column":140}},"60":{"start":{"line":112,"column":57},"end":{"line":112,"column":78}},"61":{"start":{"line":115,"column":6},"end":{"line":115,"column":21}},"62":{"start":{"line":118,"column":4},"end":{"line":118,"column":36}},"63":{"start":{"line":120,"column":4},"end":{"line":126,"column":5}},"64":{"start":{"line":121,"column":6},"end":{"line":125,"column":7}},"65":{"start":{"line":122,"column":8},"end":{"line":122,"column":38}},"66":{"start":{"line":124,"column":8},"end":{"line":124,"column":24}},"67":{"start":{"line":128,"column":4},"end":{"line":128,"column":41}},"68":{"start":{"line":128,"column":26},"end":{"line":128,"column":41}},"69":{"start":{"line":129,"column":4},"end":{"line":129,"column":42}},"70":{"start":{"line":130,"column":4},"end":{"line":132,"column":29}},"71":{"start":{"line":131,"column":6},"end":{"line":131,"column":122}},"72":{"start":{"line":134,"column":4},"end":{"line":136,"column":5}},"73":{"start":{"line":135,"column":6},"end":{"line":135,"column":41}},"74":{"start":{"line":138,"column":4},"end":{"line":142,"column":5}},"75":{"start":{"line":139,"column":6},"end":{"line":139,"column":88}},"76":{"start":{"line":141,"column":6},"end":{"line":141,"column":62}}},"branchMap":{"1":{"line":11,"type":"cond-expr","locations":[{"start":{"line":11,"column":70},"end":{"line":11,"column":73}},{"start":{"line":11,"column":76},"end":{"line":11,"column":92}}]},"2":{"line":11,"type":"binary-expr","locations":[{"start":{"line":11,"column":46},"end":{"line":11,"column":49}},{"start":{"line":11,"column":53},"end":{"line":11,"column":67}}]},"3":{"line":16,"type":"if","locations":[{"start":{"line":16,"column":4},"end":{"line":16,"column":4}},{"start":{"line":16,"column":4},"end":{"line":16,"column":4}}]},"4":{"line":20,"type":"if","locations":[{"start":{"line":20,"column":4},"end":{"line":20,"column":4}},{"start":{"line":20,"column":4},"end":{"line":20,"column":4}}]},"5":{"line":34,"type":"if","locations":[{"start":{"line":34,"column":6},"end":{"line":34,"column":6}},{"start":{"line":34,"column":6},"end":{"line":34,"column":6}}]},"6":{"line":46,"type":"if","locations":[{"start":{"line":46,"column":6},"end":{"line":46,"column":6}},{"start":{"line":46,"column":6},"end":{"line":46,"column":6}}]},"7":{"line":58,"type":"if","locations":[{"start":{"line":58,"column":6},"end":{"line":58,"column":6}},{"start":{"line":58,"column":6},"end":{"line":58,"column":6}}]},"8":{"line":69,"type":"if","locations":[{"start":{"line":69,"column":4},"end":{"line":69,"column":4}},{"start":{"line":69,"column":4},"end":{"line":69,"column":4}}]},"9":{"line":76,"type":"if","locations":[{"start":{"line":76,"column":4},"end":{"line":76,"column":4}},{"start":{"line":76,"column":4},"end":{"line":76,"column":4}}]},"10":{"line":91,"type":"if","locations":[{"start":{"line":91,"column":2},"end":{"line":91,"column":2}},{"start":{"line":91,"column":2},"end":{"line":91,"column":2}}]},"11":{"line":97,"type":"if","locations":[{"start":{"line":97,"column":2},"end":{"line":97,"column":2}},{"start":{"line":97,"column":2},"end":{"line":97,"column":2}}]},"12":{"line":99,"type":"if","locations":[{"start":{"line":99,"column":9},"end":{"line":99,"column":9}},{"start":{"line":99,"column":9},"end":{"line":99,"column":9}}]},"13":{"line":101,"type":"if","locations":[{"start":{"line":101,"column":9},"end":{"line":101,"column":9}},{"start":{"line":101,"column":9},"end":{"line":101,"column":9}}]},"14":{"line":101,"type":"binary-expr","locations":[{"start":{"line":101,"column":13},"end":{"line":101,"column":38}},{"start":{"line":101,"column":42},"end":{"line":101,"column":67}},{"start":{"line":101,"column":71},"end":{"line":101,"column":97}}]},"15":{"line":103,"type":"if","locations":[{"start":{"line":103,"column":9},"end":{"line":103,"column":9}},{"start":{"line":103,"column":9},"end":{"line":103,"column":9}}]},"16":{"line":104,"type":"if","locations":[{"start":{"line":104,"column":4},"end":{"line":104,"column":4}},{"start":{"line":104,"column":4},"end":{"line":104,"column":4}}]},"17":{"line":105,"type":"if","locations":[{"start":{"line":105,"column":6},"end":{"line":105,"column":6}},{"start":{"line":105,"column":6},"end":{"line":105,"column":6}}]},"18":{"line":109,"type":"if","locations":[{"start":{"line":109,"column":6},"end":{"line":109,"column":6}},{"start":{"line":109,"column":6},"end":{"line":109,"column":6}}]},"19":{"line":112,"type":"cond-expr","locations":[{"start":{"line":112,"column":120},"end":{"line":112,"column":127}},{"start":{"line":112,"column":130},"end":{"line":112,"column":132}}]},"20":{"line":120,"type":"if","locations":[{"start":{"line":120,"column":4},"end":{"line":120,"column":4}},{"start":{"line":120,"column":4},"end":{"line":120,"column":4}}]},"21":{"line":121,"type":"if","locations":[{"start":{"line":121,"column":6},"end":{"line":121,"column":6}},{"start":{"line":121,"column":6},"end":{"line":121,"column":6}}]},"22":{"line":121,"type":"binary-expr","locations":[{"start":{"line":121,"column":10},"end":{"line":121,"column":27}},{"start":{"line":121,"column":31},"end":{"line":121,"column":53}},{"start":{"line":121,"column":57},"end":{"line":121,"column":92}}]},"23":{"line":128,"type":"if","locations":[{"start":{"line":128,"column":4},"end":{"line":128,"column":4}},{"start":{"line":128,"column":4},"end":{"line":128,"column":4}}]},"24":{"line":131,"type":"cond-expr","locations":[{"start":{"line":131,"column":52},"end":{"line":131,"column":55}},{"start":{"line":131,"column":58},"end":{"line":131,"column":77}}]},"25":{"line":134,"type":"if","locations":[{"start":{"line":134,"column":4},"end":{"line":134,"column":4}},{"start":{"line":134,"column":4},"end":{"line":134,"column":4}}]},"26":{"line":138,"type":"if","locations":[{"start":{"line":138,"column":4},"end":{"line":138,"column":4}},{"start":{"line":138,"column":4},"end":{"line":138,"column":4}}]},"27":{"line":138,"type":"binary-expr","locations":[{"start":{"line":138,"column":8},"end":{"line":138,"column":25}},{"start":{"line":138,"column":29},"end":{"line":138,"column":51}},{"start":{"line":138,"column":55},"end":{"line":138,"column":90}}]}}},"/home/ubuntu/alouette/lib-node6-dev/StackTrace.js":{"path":"/home/ubuntu/alouette/lib-node6-dev/StackTrace.js","s":{"1":1,"2":1,"3":1,"4":1,"5":1,"6":1,"7":1,"8":0,"9":0,"10":0,"11":0,"12":0,"13":0,"14":1,"15":1,"16":0,"17":0,"18":0,"19":0,"20":0,"21":0,"22":0,"23":0,"24":0,"25":0,"26":0,"27":0,"28":0,"29":0,"30":0,"31":0,"32":0,"33":0,"34":0,"35":0,"36":0,"37":0,"38":0,"39":0,"40":0,"41":0,"42":0,"43":0,"44":0,"45":0,"46":0,"47":0,"48":0,"49":0,"50":0,"51":0,"52":0},"b":{"1":[1,0],"2":[1,1],"3":[0,1],"4":[1,1],"5":[0,0],"6":[0,0],"7":[0,0],"8":[0,0],"9":[0,0,0],"10":[0,0],"11":[0,0],"12":[0,0],"13":[0,0],"14":[0,0],"15":[0,0],"16":[0,0],"17":[0,0,0],"18":[0,0],"19":[0,0],"20":[0,0],"21":[0,0],"22":[0,0,0]},"f":{"1":1,"2":1,"3":0,"4":0,"5":0,"6":0,"7":0},"fnMap":{"1":{"name":"_interopRequireDefault","line":11,"loc":{"start":{"line":11,"column":0},"end":{"line":11,"column":37}}},"2":{"name":"(anonymous_2)","line":15,"loc":{"start":{"line":15,"column":13},"end":{"line":15,"column":16}}},"3":{"name":"(anonymous_3)","line":18,"loc":{"start":{"line":18,"column":56},"end":{"line":18,"column":72}}},"4":{"name":"(anonymous_4)","line":25,"loc":{"start":{"line":25,"column":9},"end":{"line":25,"column":12}}},"5":{"name":"(anonymous_5)","line":29,"loc":{"start":{"line":29,"column":9},"end":{"line":29,"column":12}}},"6":{"name":"(anonymous_6)","line":35,"loc":{"start":{"line":35,"column":10},"end":{"line":35,"column":13}}},"7":{"name":"_inspect","line":41,"loc":{"start":{"line":41,"column":0},"end":{"line":41,"column":32}}}},"statementMap":{"1":{"start":{"line":3,"column":0},"end":{"line":5,"column":3}},"2":{"start":{"line":7,"column":0},"end":{"line":7,"column":50}},"3":{"start":{"line":9,"column":0},"end":{"line":9,"column":63}},"4":{"start":{"line":11,"column":0},"end":{"line":11,"column":95}},"5":{"start":{"line":11,"column":39},"end":{"line":11,"column":93}},"6":{"start":{"line":16,"column":4},"end":{"line":16,"column":20}},"7":{"start":{"line":18,"column":4},"end":{"line":22,"column":5}},"8":{"start":{"line":19,"column":6},"end":{"line":19,"column":54}},"9":{"start":{"line":21,"column":6},"end":{"line":21,"column":139}},"10":{"start":{"line":26,"column":4},"end":{"line":26,"column":44}},"11":{"start":{"line":30,"column":4},"end":{"line":32,"column":7}},"12":{"start":{"line":31,"column":6},"end":{"line":31,"column":29}},"13":{"start":{"line":36,"column":4},"end":{"line":36,"column":37}},"14":{"start":{"line":39,"column":0},"end":{"line":39,"column":29}},"15":{"start":{"line":41,"column":0},"end":{"line":98,"column":1}},"16":{"start":{"line":42,"column":2},"end":{"line":42,"column":21}},"17":{"start":{"line":43,"column":2},"end":{"line":43,"column":21}},"18":{"start":{"line":45,"column":2},"end":{"line":47,"column":3}},"19":{"start":{"line":46,"column":4},"end":{"line":46,"column":14}},"20":{"start":{"line":49,"column":2},"end":{"line":49,"column":13}},"21":{"start":{"line":51,"column":2},"end":{"line":97,"column":3}},"22":{"start":{"line":52,"column":4},"end":{"line":52,"column":18}},"23":{"start":{"line":53,"column":9},"end":{"line":97,"column":3}},"24":{"start":{"line":54,"column":4},"end":{"line":54,"column":18}},"25":{"start":{"line":55,"column":9},"end":{"line":97,"column":3}},"26":{"start":{"line":56,"column":4},"end":{"line":56,"column":24}},"27":{"start":{"line":57,"column":9},"end":{"line":97,"column":3}},"28":{"start":{"line":58,"column":4},"end":{"line":70,"column":5}},"29":{"start":{"line":59,"column":6},"end":{"line":59,"column":43}},"30":{"start":{"line":59,"column":28},"end":{"line":59,"column":43}},"31":{"start":{"line":61,"column":6},"end":{"line":61,"column":46}},"32":{"start":{"line":63,"column":6},"end":{"line":67,"column":7}},"33":{"start":{"line":63,"column":30},"end":{"line":63,"column":61}},"34":{"start":{"line":64,"column":8},"end":{"line":64,"column":35}},"35":{"start":{"line":66,"column":8},"end":{"line":66,"column":140}},"36":{"start":{"line":66,"column":57},"end":{"line":66,"column":78}},"37":{"start":{"line":69,"column":6},"end":{"line":69,"column":21}},"38":{"start":{"line":72,"column":4},"end":{"line":72,"column":36}},"39":{"start":{"line":74,"column":4},"end":{"line":80,"column":5}},"40":{"start":{"line":75,"column":6},"end":{"line":79,"column":7}},"41":{"start":{"line":76,"column":8},"end":{"line":76,"column":38}},"42":{"start":{"line":78,"column":8},"end":{"line":78,"column":24}},"43":{"start":{"line":82,"column":4},"end":{"line":82,"column":41}},"44":{"start":{"line":82,"column":26},"end":{"line":82,"column":41}},"45":{"start":{"line":83,"column":4},"end":{"line":83,"column":42}},"46":{"start":{"line":84,"column":4},"end":{"line":86,"column":29}},"47":{"start":{"line":85,"column":6},"end":{"line":85,"column":122}},"48":{"start":{"line":88,"column":4},"end":{"line":90,"column":5}},"49":{"start":{"line":89,"column":6},"end":{"line":89,"column":41}},"50":{"start":{"line":92,"column":4},"end":{"line":96,"column":5}},"51":{"start":{"line":93,"column":6},"end":{"line":93,"column":88}},"52":{"start":{"line":95,"column":6},"end":{"line":95,"column":62}}},"branchMap":{"1":{"line":11,"type":"cond-expr","locations":[{"start":{"line":11,"column":70},"end":{"line":11,"column":73}},{"start":{"line":11,"column":76},"end":{"line":11,"column":92}}]},"2":{"line":11,"type":"binary-expr","locations":[{"start":{"line":11,"column":46},"end":{"line":11,"column":49}},{"start":{"line":11,"column":53},"end":{"line":11,"column":67}}]},"3":{"line":18,"type":"if","locations":[{"start":{"line":18,"column":4},"end":{"line":18,"column":4}},{"start":{"line":18,"column":4},"end":{"line":18,"column":4}}]},"4":{"line":18,"type":"binary-expr","locations":[{"start":{"line":18,"column":10},"end":{"line":18,"column":35}},{"start":{"line":18,"column":39},"end":{"line":20,"column":6}}]},"5":{"line":45,"type":"if","locations":[{"start":{"line":45,"column":2},"end":{"line":45,"column":2}},{"start":{"line":45,"column":2},"end":{"line":45,"column":2}}]},"6":{"line":51,"type":"if","locations":[{"start":{"line":51,"column":2},"end":{"line":51,"column":2}},{"start":{"line":51,"column":2},"end":{"line":51,"column":2}}]},"7":{"line":53,"type":"if","locations":[{"start":{"line":53,"column":9},"end":{"line":53,"column":9}},{"start":{"line":53,"column":9},"end":{"line":53,"column":9}}]},"8":{"line":55,"type":"if","locations":[{"start":{"line":55,"column":9},"end":{"line":55,"column":9}},{"start":{"line":55,"column":9},"end":{"line":55,"column":9}}]},"9":{"line":55,"type":"binary-expr","locations":[{"start":{"line":55,"column":13},"end":{"line":55,"column":38}},{"start":{"line":55,"column":42},"end":{"line":55,"column":67}},{"start":{"line":55,"column":71},"end":{"line":55,"column":97}}]},"10":{"line":57,"type":"if","locations":[{"start":{"line":57,"column":9},"end":{"line":57,"column":9}},{"start":{"line":57,"column":9},"end":{"line":57,"column":9}}]},"11":{"line":58,"type":"if","locations":[{"start":{"line":58,"column":4},"end":{"line":58,"column":4}},{"start":{"line":58,"column":4},"end":{"line":58,"column":4}}]},"12":{"line":59,"type":"if","locations":[{"start":{"line":59,"column":6},"end":{"line":59,"column":6}},{"start":{"line":59,"column":6},"end":{"line":59,"column":6}}]},"13":{"line":63,"type":"if","locations":[{"start":{"line":63,"column":6},"end":{"line":63,"column":6}},{"start":{"line":63,"column":6},"end":{"line":63,"column":6}}]},"14":{"line":66,"type":"cond-expr","locations":[{"start":{"line":66,"column":120},"end":{"line":66,"column":127}},{"start":{"line":66,"column":130},"end":{"line":66,"column":132}}]},"15":{"line":74,"type":"if","locations":[{"start":{"line":74,"column":4},"end":{"line":74,"column":4}},{"start":{"line":74,"column":4},"end":{"line":74,"column":4}}]},"16":{"line":75,"type":"if","locations":[{"start":{"line":75,"column":6},"end":{"line":75,"column":6}},{"start":{"line":75,"column":6},"end":{"line":75,"column":6}}]},"17":{"line":75,"type":"binary-expr","locations":[{"start":{"line":75,"column":10},"end":{"line":75,"column":27}},{"start":{"line":75,"column":31},"end":{"line":75,"column":53}},{"start":{"line":75,"column":57},"end":{"line":75,"column":92}}]},"18":{"line":82,"type":"if","locations":[{"start":{"line":82,"column":4},"end":{"line":82,"column":4}},{"start":{"line":82,"column":4},"end":{"line":82,"column":4}}]},"19":{"line":85,"type":"cond-expr","locations":[{"start":{"line":85,"column":52},"end":{"line":85,"column":55}},{"start":{"line":85,"column":58},"end":{"line":85,"column":77}}]},"20":{"line":88,"type":"if","locations":[{"start":{"line":88,"column":4},"end":{"line":88,"column":4}},{"start":{"line":88,"column":4},"end":{"line":88,"column":4}}]},"21":{"line":92,"type":"if","locations":[{"start":{"line":92,"column":4},"end":{"line":92,"column":4}},{"start":{"line":92,"column":4},"end":{"line":92,"column":4}}]},"22":{"line":92,"type":"binary-expr","locations":[{"start":{"line":92,"column":8},"end":{"line":92,"column":25}},{"start":{"line":92,"column":29},"end":{"line":92,"column":51}},{"start":{"line":92,"column":55},"end":{"line":92,"column":90}}]}}},"/home/ubuntu/alouette/lib-node6-dev/StackTraceItem.js":{"path":"/home/ubuntu/alouette/lib-node6-dev/StackTraceItem.js","s":{"1":1,"2":12,"3":12,"4":12,"5":12,"6":12,"7":12,"8":12,"9":12,"10":12,"11":12,"12":12,"13":12,"14":0,"15":0,"16":0,"17":12,"18":12,"19":0,"20":0,"21":0,"22":0,"23":0,"24":0,"25":0,"26":0,"27":0,"28":0,"29":0,"30":0,"31":0,"32":0,"33":0,"34":0,"35":0,"36":0,"37":0,"38":1},"b":{"1":[0,12],"2":[12,0,0],"3":[0,0],"4":[0,0],"5":[0,0],"6":[0,0],"7":[0,0],"8":[0,0],"9":[0,0],"10":[0,0],"11":[0,0]},"f":{"1":12,"2":0,"3":0,"4":0,"5":0,"6":0},"fnMap":{"1":{"name":"(anonymous_1)","line":7,"loc":{"start":{"line":7,"column":13},"end":{"line":7,"column":35}}},"2":{"name":"(anonymous_2)","line":32,"loc":{"start":{"line":32,"column":13},"end":{"line":32,"column":16}}},"3":{"name":"(anonymous_3)","line":36,"loc":{"start":{"line":36,"column":15},"end":{"line":36,"column":18}}},"4":{"name":"(anonymous_4)","line":40,"loc":{"start":{"line":40,"column":17},"end":{"line":40,"column":20}}},"5":{"name":"(anonymous_5)","line":44,"loc":{"start":{"line":44,"column":26},"end":{"line":44,"column":29}}},"6":{"name":"(anonymous_6)","line":48,"loc":{"start":{"line":48,"column":10},"end":{"line":48,"column":13}}}},"statementMap":{"1":{"start":{"line":3,"column":0},"end":{"line":5,"column":3}},"2":{"start":{"line":8,"column":4},"end":{"line":8,"column":34}},"3":{"start":{"line":9,"column":4},"end":{"line":9,"column":38}},"4":{"start":{"line":10,"column":4},"end":{"line":10,"column":42}},"5":{"start":{"line":11,"column":4},"end":{"line":11,"column":42}},"6":{"start":{"line":12,"column":4},"end":{"line":12,"column":34}},"7":{"start":{"line":13,"column":4},"end":{"line":13,"column":38}},"8":{"start":{"line":14,"column":4},"end":{"line":14,"column":30}},"9":{"start":{"line":15,"column":4},"end":{"line":15,"column":26}},"10":{"start":{"line":17,"column":4},"end":{"line":17,"column":50}},"11":{"start":{"line":18,"column":4},"end":{"line":18,"column":54}},"12":{"start":{"line":19,"column":4},"end":{"line":19,"column":58}},"13":{"start":{"line":21,"column":4},"end":{"line":29,"column":5}},"14":{"start":{"line":22,"column":6},"end":{"line":22,"column":100}},"15":{"start":{"line":23,"column":6},"end":{"line":25,"column":7}},"16":{"start":{"line":24,"column":8},"end":{"line":24,"column":110}},"17":{"start":{"line":27,"column":6},"end":{"line":27,"column":40}},"18":{"start":{"line":28,"column":6},"end":{"line":28,"column":56}},"19":{"start":{"line":33,"column":4},"end":{"line":33,"column":25}},"20":{"start":{"line":37,"column":4},"end":{"line":37,"column":21}},"21":{"start":{"line":41,"column":4},"end":{"line":41,"column":27}},"22":{"start":{"line":45,"column":4},"end":{"line":45,"column":25}},"23":{"start":{"line":49,"column":4},"end":{"line":49,"column":24}},"24":{"start":{"line":50,"column":4},"end":{"line":54,"column":5}},"25":{"start":{"line":51,"column":6},"end":{"line":51,"column":31}},"26":{"start":{"line":52,"column":11},"end":{"line":54,"column":5}},"27":{"start":{"line":53,"column":6},"end":{"line":53,"column":72}},"28":{"start":{"line":56,"column":4},"end":{"line":70,"column":5}},"29":{"start":{"line":57,"column":6},"end":{"line":57,"column":25}},"30":{"start":{"line":59,"column":6},"end":{"line":59,"column":92}},"31":{"start":{"line":60,"column":6},"end":{"line":64,"column":7}},"32":{"start":{"line":61,"column":8},"end":{"line":61,"column":34}},"33":{"start":{"line":63,"column":8},"end":{"line":63,"column":24}},"34":{"start":{"line":66,"column":6},"end":{"line":69,"column":7}},"35":{"start":{"line":67,"column":8},"end":{"line":67,"column":118}},"36":{"start":{"line":68,"column":8},"end":{"line":68,"column":48}},"37":{"start":{"line":71,"column":4},"end":{"line":71,"column":15}},"38":{"start":{"line":74,"column":0},"end":{"line":74,"column":33}}},"branchMap":{"1":{"line":21,"type":"if","locations":[{"start":{"line":21,"column":4},"end":{"line":21,"column":4}},{"start":{"line":21,"column":4},"end":{"line":21,"column":4}}]},"2":{"line":21,"type":"binary-expr","locations":[{"start":{"line":21,"column":8},"end":{"line":21,"column":21}},{"start":{"line":21,"column":25},"end":{"line":21,"column":38}},{"start":{"line":21,"column":42},"end":{"line":21,"column":89}}]},"3":{"line":23,"type":"if","locations":[{"start":{"line":23,"column":6},"end":{"line":23,"column":6}},{"start":{"line":23,"column":6},"end":{"line":23,"column":6}}]},"4":{"line":50,"type":"if","locations":[{"start":{"line":50,"column":4},"end":{"line":50,"column":4}},{"start":{"line":50,"column":4},"end":{"line":50,"column":4}}]},"5":{"line":52,"type":"if","locations":[{"start":{"line":52,"column":11},"end":{"line":52,"column":11}},{"start":{"line":52,"column":11},"end":{"line":52,"column":11}}]},"6":{"line":53,"type":"binary-expr","locations":[{"start":{"line":53,"column":36},"end":{"line":53,"column":51}},{"start":{"line":53,"column":55},"end":{"line":53,"column":68}}]},"7":{"line":56,"type":"if","locations":[{"start":{"line":56,"column":4},"end":{"line":56,"column":4}},{"start":{"line":56,"column":4},"end":{"line":56,"column":4}}]},"8":{"line":60,"type":"if","locations":[{"start":{"line":60,"column":6},"end":{"line":60,"column":6}},{"start":{"line":60,"column":6},"end":{"line":60,"column":6}}]},"9":{"line":60,"type":"binary-expr","locations":[{"start":{"line":60,"column":10},"end":{"line":60,"column":27}},{"start":{"line":60,"column":31},"end":{"line":60,"column":44}}]},"10":{"line":66,"type":"if","locations":[{"start":{"line":66,"column":6},"end":{"line":66,"column":6}},{"start":{"line":66,"column":6},"end":{"line":66,"column":6}}]},"11":{"line":66,"type":"binary-expr","locations":[{"start":{"line":66,"column":10},"end":{"line":66,"column":31}},{"start":{"line":66,"column":35},"end":{"line":66,"column":78}}]}}}}