TN:
SF:/home/ubuntu/alouette/index.js
FNF:0
FNH:0
DA:1,1
DA:2,1
DA:3,1
DA:4,0
DA:6,0
LF:5
LH:3
BRDA:2,1,0,1
BRDA:2,1,1,0
BRDA:2,2,0,1
BRDA:2,2,1,1
BRDA:3,3,0,0
BRDA:3,3,1,1
BRDA:4,4,0,0
BRDA:4,4,1,0
BRF:8
BRH:4
end_of_record
TN:
SF:/home/ubuntu/alouette/lib-node6-dev/index.js
FN:22,_interopRequireDefault
FN:37,setPathMapping
FN:47,parse
FN:63,parseErrorStack
FN:130,get
FNF:5
FNH:2
FNDA:3,_interopRequireDefault
FNDA:0,setPathMapping
FNDA:0,parse
FNDA:1,parseErrorStack
FNDA:0,get
DA:3,1
DA:6,1
DA:7,1
DA:8,1
DA:10,1
DA:12,1
DA:14,1
DA:16,1
DA:18,1
DA:20,1
DA:22,3
DA:24,1
DA:25,1
DA:26,1
DA:27,1
DA:29,1
DA:37,1
DA:38,0
DA:47,1
DA:48,0
DA:50,0
DA:51,0
DA:54,0
DA:63,1
DA:64,1
DA:65,1
DA:67,1
DA:68,1
DA:70,1
DA:71,12
DA:72,12
DA:74,12
DA:75,10
DA:76,7
DA:78,3
DA:79,3
DA:80,3
DA:81,3
DA:82,3
DA:83,3
DA:84,3
DA:86,3
DA:87,3
DA:88,3
DA:89,3
DA:90,0
DA:93,3
DA:94,1
DA:95,1
DA:97,1
DA:98,0
DA:100,1
DA:104,0
DA:109,12
DA:110,2
DA:111,2
DA:113,2
DA:114,2
DA:116,2
DA:117,1
DA:119,1
DA:120,1
DA:122,1
DA:123,1
DA:124,1
DA:127,1
DA:128,0
DA:131,0
DA:132,0
DA:133,0
DA:136,0
DA:137,0
DA:143,2
DA:144,2
DA:145,2
DA:147,2
DA:148,2
DA:149,2
DA:150,2
DA:151,2
DA:152,0
DA:157,12
DA:158,8
DA:165,12
DA:168,1
LF:85
LH:70
BRDA:22,1,0,3
BRDA:22,1,1,0
BRDA:22,2,0,3
BRDA:22,2,1,3
BRDA:50,3,0,0
BRDA:50,3,1,0
BRDA:74,4,0,10
BRDA:74,4,1,2
BRDA:74,5,0,12
BRDA:74,5,1,12
BRDA:75,6,0,7
BRDA:75,6,1,3
BRDA:89,7,0,0
BRDA:89,7,1,3
BRDA:89,8,0,3
BRDA:89,8,1,1
BRDA:89,8,2,1
BRDA:97,9,0,0
BRDA:97,9,1,1
BRDA:109,10,0,2
BRDA:109,10,1,10
BRDA:109,11,0,12
BRDA:109,11,1,10
BRDA:113,12,0,2
BRDA:113,12,1,0
BRDA:116,13,0,1
BRDA:116,13,1,1
BRDA:122,14,0,1
BRDA:122,14,1,0
BRDA:124,15,0,1
BRDA:124,15,1,1
BRDA:127,16,0,0
BRDA:127,16,1,1
BRDA:151,17,0,0
BRDA:151,17,1,2
BRDA:157,18,0,8
BRDA:157,18,1,4
BRDA:157,19,0,12
BRDA:157,19,1,10
BRDA:157,19,2,8
BRF:40
BRH:31
end_of_record
TN:
SF:/home/ubuntu/alouette/lib-node6-dev/ParsedError.js
FN:11,_interopRequireDefault
FN:15,(anonymous_2)
FN:32,(anonymous_3)
FN:33,_ref
FN:44,(anonymous_5)
FN:45,_ref2
FN:56,(anonymous_7)
FN:57,_ref3
FN:68,(anonymous_9)
FN:87,_inspect
FNF:10
FNH:1
FNDA:1,_interopRequireDefault
FNDA:0,(anonymous_2)
FNDA:0,(anonymous_3)
FNDA:0,_ref
FNDA:0,(anonymous_5)
FNDA:0,_ref2
FNDA:0,(anonymous_7)
FNDA:0,_ref3
FNDA:0,(anonymous_9)
FNDA:0,_inspect
DA:3,1
DA:7,1
DA:9,1
DA:11,1
DA:16,0
DA:17,0
DA:20,0
DA:21,0
DA:24,0
DA:25,0
DA:26,0
DA:29,0
DA:33,1
DA:34,0
DA:35,0
DA:38,0
DA:41,0
DA:45,1
DA:46,0
DA:47,0
DA:50,0
DA:53,0
DA:57,1
DA:58,0
DA:59,0
DA:62,0
DA:65,0
DA:69,0
DA:70,0
DA:73,0
DA:74,0
DA:76,0
DA:77,0
DA:78,0
DA:79,0
DA:82,0
DA:85,1
DA:87,1
DA:88,0
DA:89,0
DA:91,0
DA:92,0
DA:95,0
DA:97,0
DA:98,0
DA:99,0
DA:100,0
DA:101,0
DA:102,0
DA:103,0
DA:104,0
DA:105,0
DA:107,0
DA:109,0
DA:110,0
DA:112,0
DA:115,0
DA:118,0
DA:120,0
DA:121,0
DA:122,0
DA:124,0
DA:128,0
DA:129,0
DA:130,0
DA:131,0
DA:134,0
DA:135,0
DA:138,0
DA:139,0
DA:141,0
LF:71
LH:9
BRDA:11,1,0,1
BRDA:11,1,1,0
BRDA:11,2,0,1
BRDA:11,2,1,1
BRDA:16,3,0,0
BRDA:16,3,1,0
BRDA:20,4,0,0
BRDA:20,4,1,0
BRDA:34,5,0,0
BRDA:34,5,1,0
BRDA:46,6,0,0
BRDA:46,6,1,0
BRDA:58,7,0,0
BRDA:58,7,1,0
BRDA:69,8,0,0
BRDA:69,8,1,0
BRDA:76,9,0,0
BRDA:76,9,1,0
BRDA:91,10,0,0
BRDA:91,10,1,0
BRDA:97,11,0,0
BRDA:97,11,1,0
BRDA:99,12,0,0
BRDA:99,12,1,0
BRDA:101,13,0,0
BRDA:101,13,1,0
BRDA:101,14,0,0
BRDA:101,14,1,0
BRDA:101,14,2,0
BRDA:103,15,0,0
BRDA:103,15,1,0
BRDA:104,16,0,0
BRDA:104,16,1,0
BRDA:105,17,0,0
BRDA:105,17,1,0
BRDA:109,18,0,0
BRDA:109,18,1,0
BRDA:112,19,0,0
BRDA:112,19,1,0
BRDA:120,20,0,0
BRDA:120,20,1,0
BRDA:121,21,0,0
BRDA:121,21,1,0
BRDA:121,22,0,0
BRDA:121,22,1,0
BRDA:121,22,2,0
BRDA:128,23,0,0
BRDA:128,23,1,0
BRDA:131,24,0,0
BRDA:131,24,1,0
BRDA:134,25,0,0
BRDA:134,25,1,0
BRDA:138,26,0,0
BRDA:138,26,1,0
BRDA:138,27,0,0
BRDA:138,27,1,0
BRDA:138,27,2,0
BRF:57
BRH:3
end_of_record
TN:
SF:/home/ubuntu/alouette/lib-node6-dev/StackTrace.js
FN:11,_interopRequireDefault
FN:15,(anonymous_2)
FN:18,(anonymous_3)
FN:25,(anonymous_4)
FN:29,(anonymous_5)
FN:35,(anonymous_6)
FN:41,_inspect
FNF:7
FNH:2
FNDA:1,_interopRequireDefault
FNDA:1,(anonymous_2)
FNDA:0,(anonymous_3)
FNDA:0,(anonymous_4)
FNDA:0,(anonymous_5)
FNDA:0,(anonymous_6)
FNDA:0,_inspect
DA:3,1
DA:7,1
DA:9,1
DA:11,1
DA:16,1
DA:18,1
DA:19,0
DA:21,0
DA:26,0
DA:30,0
DA:31,0
DA:36,0
DA:39,1
DA:41,1
DA:42,0
DA:43,0
DA:45,0
DA:46,0
DA:49,0
DA:51,0
DA:52,0
DA:53,0
DA:54,0
DA:55,0
DA:56,0
DA:57,0
DA:58,0
DA:59,0
DA:61,0
DA:63,0
DA:64,0
DA:66,0
DA:69,0
DA:72,0
DA:74,0
DA:75,0
DA:76,0
DA:78,0
DA:82,0
DA:83,0
DA:84,0
DA:85,0
DA:88,0
DA:89,0
DA:92,0
DA:93,0
DA:95,0
LF:47
LH:8
BRDA:11,1,0,1
BRDA:11,1,1,0
BRDA:11,2,0,1
BRDA:11,2,1,1
BRDA:18,3,0,0
BRDA:18,3,1,1
BRDA:18,4,0,1
BRDA:18,4,1,1
BRDA:45,5,0,0
BRDA:45,5,1,0
BRDA:51,6,0,0
BRDA:51,6,1,0
BRDA:53,7,0,0
BRDA:53,7,1,0
BRDA:55,8,0,0
BRDA:55,8,1,0
BRDA:55,9,0,0
BRDA:55,9,1,0
BRDA:55,9,2,0
BRDA:57,10,0,0
BRDA:57,10,1,0
BRDA:58,11,0,0
BRDA:58,11,1,0
BRDA:59,12,0,0
BRDA:59,12,1,0
BRDA:63,13,0,0
BRDA:63,13,1,0
BRDA:66,14,0,0
BRDA:66,14,1,0
BRDA:74,15,0,0
BRDA:74,15,1,0
BRDA:75,16,0,0
BRDA:75,16,1,0
BRDA:75,17,0,0
BRDA:75,17,1,0
BRDA:75,17,2,0
BRDA:82,18,0,0
BRDA:82,18,1,0
BRDA:85,19,0,0
BRDA:85,19,1,0
BRDA:88,20,0,0
BRDA:88,20,1,0
BRDA:92,21,0,0
BRDA:92,21,1,0
BRDA:92,22,0,0
BRDA:92,22,1,0
BRDA:92,22,2,0
BRF:47
BRH:6
end_of_record
TN:
SF:/home/ubuntu/alouette/lib-node6-dev/StackTraceItem.js
FN:7,(anonymous_1)
FN:32,(anonymous_2)
FN:36,(anonymous_3)
FN:40,(anonymous_4)
FN:44,(anonymous_5)
FN:48,(anonymous_6)
FNF:6
FNH:1
FNDA:12,(anonymous_1)
FNDA:0,(anonymous_2)
FNDA:0,(anonymous_3)
FNDA:0,(anonymous_4)
FNDA:0,(anonymous_5)
FNDA:0,(anonymous_6)
DA:3,1
DA:8,12
DA:9,12
DA:10,12
DA:11,12
DA:12,12
DA:13,12
DA:14,12
DA:15,12
DA:17,12
DA:18,12
DA:19,12
DA:21,12
DA:22,0
DA:23,0
DA:24,0
DA:27,12
DA:28,12
DA:33,0
DA:37,0
DA:41,0
DA:45,0
DA:49,0
DA:50,0
DA:51,0
DA:52,0
DA:53,0
DA:56,0
DA:57,0
DA:59,0
DA:60,0
DA:61,0
DA:63,0
DA:66,0
DA:67,0
DA:68,0
DA:71,0
DA:74,1
LF:38
LH:16
BRDA:21,1,0,0
BRDA:21,1,1,12
BRDA:21,2,0,12
BRDA:21,2,1,0
BRDA:21,2,2,0
BRDA:23,3,0,0
BRDA:23,3,1,0
BRDA:50,4,0,0
BRDA:50,4,1,0
BRDA:52,5,0,0
BRDA:52,5,1,0
BRDA:53,6,0,0
BRDA:53,6,1,0
BRDA:56,7,0,0
BRDA:56,7,1,0
BRDA:60,8,0,0
BRDA:60,8,1,0
BRDA:60,9,0,0
BRDA:60,9,1,0
BRDA:66,10,0,0
BRDA:66,10,1,0
BRDA:66,11,0,0
BRDA:66,11,1,0
BRF:23
BRH:2
end_of_record
